Start testing: Jan 01 15:04 CST
----------------------------------------------------------
18/169 Testing: t_strm_reassem_single
18/169 Test: t_strm_reassem_single
Command: "/home/shc/CS144/sponge/build/tests/fsm_stream_reassembler_single"
Directory: /home/shc/CS144/sponge/build
"t_strm_reassem_single" start time: Jan 01 15:04 CST
Output:
----------------------------------------------------------
capacity 65000
capacity 65000
capacity 65000
*******************************************
capacity 65000
test0
test1
test2
test3
*******************************************
capacity 65000
*******************************************
capacity 65000
*******************************************
capacity 8
*******************************************
capacity 8
*******************************************
capacity 8
*******************************************
capacity 8
*******************************************
capacity 8
<end of output>
Test time =   0.00 sec
----------------------------------------------------------
Test Passed.
"t_strm_reassem_single" end time: Jan 01 15:04 CST
"t_strm_reassem_single" time elapsed: 00:00:00
----------------------------------------------------------

19/169 Testing: t_strm_reassem_seq
19/169 Test: t_strm_reassem_seq
Command: "/home/shc/CS144/sponge/build/tests/fsm_stream_reassembler_seq"
Directory: /home/shc/CS144/sponge/build
"t_strm_reassem_seq" start time: Jan 01 15:04 CST
Output:
----------------------------------------------------------
capacity 65000
capacity 65000
capacity 65000
capacity 65000
capacity 65000
get unassembled_bytes 0
get unassembled_bytes 0
get unassembled_bytes 0
get unassembled_bytes 0
get unassembled_bytes 0
get unassembled_bytes 0
get unassembled_bytes 0
get unassembled_bytes 0
get unassembled_bytes 0
get unassembled_bytes 0
get unassembled_bytes 0
get unassembled_bytes 0
get unassembled_bytes 0
get unassembled_bytes 0
get unassembled_bytes 0
get unassembled_bytes 0
get unassembled_bytes 0
get unassembled_bytes 0
get unassembled_bytes 0
get unassembled_bytes 0
get unassembled_bytes 0
get unassembled_bytes 0
get unassembled_bytes 0
get unassembled_bytes 0
get unassembled_bytes 0
get unassembled_bytes 0
get unassembled_bytes 0
get unassembled_bytes 0
get unassembled_bytes 0
get unassembled_bytes 0
get unassembled_bytes 0
get unassembled_bytes 0
get unassembled_bytes 0
get unassembled_bytes 0
get unassembled_bytes 0
get unassembled_bytes 0
get unassembled_bytes 0
get unassembled_bytes 0
get unassembled_bytes 0
get unassembled_bytes 0
get unassembled_bytes 0
get unassembled_bytes 0
get unassembled_bytes 0
get unassembled_bytes 0
get unassembled_bytes 0
get unassembled_bytes 0
get unassembled_bytes 0
get unassembled_bytes 0
get unassembled_bytes 0
get unassembled_bytes 0
get unassembled_bytes 0
get unassembled_bytes 0
get unassembled_bytes 0
get unassembled_bytes 0
get unassembled_bytes 0
get unassembled_bytes 0
get unassembled_bytes 0
get unassembled_bytes 0
get unassembled_bytes 0
get unassembled_bytes 0
get unassembled_bytes 0
get unassembled_bytes 0
get unassembled_bytes 0
get unassembled_bytes 0
get unassembled_bytes 0
get unassembled_bytes 0
get unassembled_bytes 0
get unassembled_bytes 0
get unassembled_bytes 0
get unassembled_bytes 0
get unassembled_bytes 0
get unassembled_bytes 0
get unassembled_bytes 0
get unassembled_bytes 0
get unassembled_bytes 0
get unassembled_bytes 0
get unassembled_bytes 0
get unassembled_bytes 0
get unassembled_bytes 0
get unassembled_bytes 0
get unassembled_bytes 0
get unassembled_bytes 0
get unassembled_bytes 0
get unassembled_bytes 0
get unassembled_bytes 0
get unassembled_bytes 0
get unassembled_bytes 0
get unassembled_bytes 0
get unassembled_bytes 0
get unassembled_bytes 0
get unassembled_bytes 0
get unassembled_bytes 0
get unassembled_bytes 0
get unassembled_bytes 0
get unassembled_bytes 0
get unassembled_bytes 0
get unassembled_bytes 0
get unassembled_bytes 0
get unassembled_bytes 0
get unassembled_bytes 0
my test 5001 a
capacity 65000
get unassembled_bytes 5000
<end of output>
Test time =   0.01 sec
----------------------------------------------------------
Test Passed.
"t_strm_reassem_seq" end time: Jan 01 15:04 CST
"t_strm_reassem_seq" time elapsed: 00:00:00
----------------------------------------------------------

20/169 Testing: t_strm_reassem_dup
20/169 Test: t_strm_reassem_dup
Command: "/home/shc/CS144/sponge/build/tests/fsm_stream_reassembler_dup"
Directory: /home/shc/CS144/sponge/build
"t_strm_reassem_dup" start time: Jan 01 15:04 CST
Output:
----------------------------------------------------------
capacity 65000
capacity 65000
capacity 65000
capacity 65000
<end of output>
Test time =   0.00 sec
----------------------------------------------------------
Test Passed.
"t_strm_reassem_dup" end time: Jan 01 15:04 CST
"t_strm_reassem_dup" time elapsed: 00:00:00
----------------------------------------------------------

21/169 Testing: t_strm_reassem_holes
21/169 Test: t_strm_reassem_holes
Command: "/home/shc/CS144/sponge/build/tests/fsm_stream_reassembler_holes"
Directory: /home/shc/CS144/sponge/build
"t_strm_reassem_holes" start time: Jan 01 15:04 CST
Output:
----------------------------------------------------------
capacity 65000
capacity 65000
capacity 65000
get unassembled_bytes 1
capacity 65000
capacity 65000
capacity 65000
capacity 65000
<end of output>
Test time =   0.00 sec
----------------------------------------------------------
Test Passed.
"t_strm_reassem_holes" end time: Jan 01 15:04 CST
"t_strm_reassem_holes" time elapsed: 00:00:00
----------------------------------------------------------

22/169 Testing: t_strm_reassem_many
22/169 Test: t_strm_reassem_many
Command: "/home/shc/CS144/sponge/build/tests/fsm_stream_reassembler_many"
Directory: /home/shc/CS144/sponge/build
"t_strm_reassem_many" start time: Jan 01 15:04 CST
Output:
----------------------------------------------------------
capacity 262144
get unassembled_bytes 89667
get unassembled_bytes 89821
get unassembled_bytes 88123
get unassembled_bytes 88292
get unassembled_bytes 89998
get unassembled_bytes 91604
get unassembled_bytes 92121
get unassembled_bytes 93478
get unassembled_bytes 95085
get unassembled_bytes 95251
get unassembled_bytes 95611
get unassembled_bytes 97298
get unassembled_bytes 98725
get unassembled_bytes 99729
get unassembled_bytes 100945
get unassembled_bytes 101111
get unassembled_bytes 102334
get unassembled_bytes 103858
get unassembled_bytes 104516
get unassembled_bytes 105295
get unassembled_bytes 106375
get unassembled_bytes 106774
get unassembled_bytes 107976
get unassembled_bytes 109402
get unassembled_bytes 109431
get unassembled_bytes 109709
get unassembled_bytes 111157
get unassembled_bytes 112637
get unassembled_bytes 113504
get unassembled_bytes 113774
get unassembled_bytes 114449
get unassembled_bytes 112759
get unassembled_bytes 114456
get unassembled_bytes 116384
get unassembled_bytes 117176
get unassembled_bytes 118010
get unassembled_bytes 118771
get unassembled_bytes 53281
get unassembled_bytes 53715
get unassembled_bytes 42879
get unassembled_bytes 44745
capacity 262144
get unassembled_bytes 75107
get unassembled_bytes 77023
get unassembled_bytes 78866
get unassembled_bytes 77803
get unassembled_bytes 78923
get unassembled_bytes 79794
get unassembled_bytes 80208
get unassembled_bytes 81361
get unassembled_bytes 81988
get unassembled_bytes 82657
get unassembled_bytes 83859
get unassembled_bytes 84595
get unassembled_bytes 86032
get unassembled_bytes 87391
get unassembled_bytes 87807
get unassembled_bytes 88582
get unassembled_bytes 90567
get unassembled_bytes 92531
get unassembled_bytes 92810
get unassembled_bytes 90288
get unassembled_bytes 91842
get unassembled_bytes 92919
get unassembled_bytes 93228
get unassembled_bytes 94848
get unassembled_bytes 94895
get unassembled_bytes 94956
get unassembled_bytes 96288
get unassembled_bytes 97247
get unassembled_bytes 99143
get unassembled_bytes 99761
get unassembled_bytes 100844
get unassembled_bytes 101119
get unassembled_bytes 102491
get unassembled_bytes 102867
get unassembled_bytes 103160
get unassembled_bytes 104196
get unassembled_bytes 104282
get unassembled_bytes 105068
get unassembled_bytes 102335
get unassembled_bytes 76875
get unassembled_bytes 77095
get unassembled_bytes 78915
get unassembled_bytes 79686
get unassembled_bytes 80238
get unassembled_bytes 81608
get unassembled_bytes 73533
get unassembled_bytes 75205
capacity 262144
get unassembled_bytes 95594
get unassembled_bytes 96831
get unassembled_bytes 97924
get unassembled_bytes 99724
get unassembled_bytes 100650
get unassembled_bytes 101911
get unassembled_bytes 102849
get unassembled_bytes 103721
get unassembled_bytes 104867
get unassembled_bytes 105347
get unassembled_bytes 106159
get unassembled_bytes 108184
get unassembled_bytes 109955
get unassembled_bytes 110064
get unassembled_bytes 112005
get unassembled_bytes 112453
get unassembled_bytes 113731
get unassembled_bytes 114401
get unassembled_bytes 115304
get unassembled_bytes 115362
get unassembled_bytes 116769
get unassembled_bytes 118580
get unassembled_bytes 119869
get unassembled_bytes 120988
get unassembled_bytes 113177
get unassembled_bytes 114727
get unassembled_bytes 115142
get unassembled_bytes 116743
get unassembled_bytes 118065
get unassembled_bytes 100074
get unassembled_bytes 102015
get unassembled_bytes 104034
get unassembled_bytes 93062
get unassembled_bytes 93163
get unassembled_bytes 95065
get unassembled_bytes 96267
get unassembled_bytes 51705
get unassembled_bytes 51858
get unassembled_bytes 29990
capacity 262144
get unassembled_bytes 106412
get unassembled_bytes 106814
get unassembled_bytes 108111
get unassembled_bytes 109080
get unassembled_bytes 109587
get unassembled_bytes 109864
get unassembled_bytes 110516
get unassembled_bytes 111827
get unassembled_bytes 113487
get unassembled_bytes 115387
get unassembled_bytes 116282
get unassembled_bytes 117491
get unassembled_bytes 117758
get unassembled_bytes 119030
get unassembled_bytes 120364
get unassembled_bytes 120420
get unassembled_bytes 121968
get unassembled_bytes 122833
get unassembled_bytes 123670
get unassembled_bytes 125647
get unassembled_bytes 124017
get unassembled_bytes 124333
get unassembled_bytes 124928
get unassembled_bytes 126625
get unassembled_bytes 127674
get unassembled_bytes 129218
get unassembled_bytes 113722
get unassembled_bytes 114339
capacity 262144
get unassembled_bytes 97212
get unassembled_bytes 97496
get unassembled_bytes 97702
get unassembled_bytes 98165
get unassembled_bytes 100207
get unassembled_bytes 100905
get unassembled_bytes 102840
get unassembled_bytes 103788
get unassembled_bytes 104408
get unassembled_bytes 105040
get unassembled_bytes 105423
get unassembled_bytes 106085
get unassembled_bytes 106526
get unassembled_bytes 107906
get unassembled_bytes 108392
get unassembled_bytes 94927
get unassembled_bytes 95324
get unassembled_bytes 96454
get unassembled_bytes 97805
get unassembled_bytes 99238
get unassembled_bytes 101052
get unassembled_bytes 100348
get unassembled_bytes 100497
get unassembled_bytes 102449
get unassembled_bytes 103007
get unassembled_bytes 103275
get unassembled_bytes 104088
get unassembled_bytes 105869
get unassembled_bytes 106232
get unassembled_bytes 107255
get unassembled_bytes 108718
get unassembled_bytes 109351
get unassembled_bytes 110008
get unassembled_bytes 110219
get unassembled_bytes 102680
get unassembled_bytes 92635
get unassembled_bytes 92771
get unassembled_bytes 93109
get unassembled_bytes 77573
capacity 262144
get unassembled_bytes 2096
get unassembled_bytes 3946
get unassembled_bytes 4677
get unassembled_bytes 6003
get unassembled_bytes 7663
get unassembled_bytes 8377
get unassembled_bytes 10203
get unassembled_bytes 10504
get unassembled_bytes 12294
get unassembled_bytes 12631
get unassembled_bytes 13112
get unassembled_bytes 14649
get unassembled_bytes 14673
get unassembled_bytes 15807
get unassembled_bytes 16278
get unassembled_bytes 18209
get unassembled_bytes 19402
get unassembled_bytes 20319
get unassembled_bytes 21853
get unassembled_bytes 22344
get unassembled_bytes 23469
get unassembled_bytes 25457
get unassembled_bytes 26116
get unassembled_bytes 26395
get unassembled_bytes 27917
get unassembled_bytes 28374
get unassembled_bytes 30029
get unassembled_bytes 31173
get unassembled_bytes 31468
get unassembled_bytes 32898
get unassembled_bytes 33015
get unassembled_bytes 33438
get unassembled_bytes 33896
get unassembled_bytes 35254
get unassembled_bytes 35381
get unassembled_bytes 37327
get unassembled_bytes 37883
get unassembled_bytes 38128
get unassembled_bytes 39886
get unassembled_bytes 41206
get unassembled_bytes 42493
get unassembled_bytes 43093
get unassembled_bytes 43969
get unassembled_bytes 44896
get unassembled_bytes 45817
get unassembled_bytes 46324
get unassembled_bytes 46324
get unassembled_bytes 46945
get unassembled_bytes 46952
get unassembled_bytes 47753
get unassembled_bytes 48108
get unassembled_bytes 49156
get unassembled_bytes 50520
get unassembled_bytes 52088
get unassembled_bytes 52915
get unassembled_bytes 52961
get unassembled_bytes 54748
get unassembled_bytes 56411
get unassembled_bytes 56471
get unassembled_bytes 58017
get unassembled_bytes 58466
get unassembled_bytes 59291
get unassembled_bytes 61229
get unassembled_bytes 63185
get unassembled_bytes 63353
get unassembled_bytes 64934
get unassembled_bytes 65160
get unassembled_bytes 65743
get unassembled_bytes 67131
get unassembled_bytes 69135
get unassembled_bytes 70393
get unassembled_bytes 71985
get unassembled_bytes 73407
get unassembled_bytes 75408
get unassembled_bytes 76638
get unassembled_bytes 78500
get unassembled_bytes 78862
get unassembled_bytes 79130
get unassembled_bytes 80788
get unassembled_bytes 81431
get unassembled_bytes 83001
get unassembled_bytes 84351
get unassembled_bytes 84917
get unassembled_bytes 86751
get unassembled_bytes 88279
get unassembled_bytes 89610
get unassembled_bytes 91461
get unassembled_bytes 92897
get unassembled_bytes 93675
get unassembled_bytes 94248
get unassembled_bytes 94500
get unassembled_bytes 94938
get unassembled_bytes 96175
get unassembled_bytes 97819
get unassembled_bytes 99592
get unassembled_bytes 100496
get unassembled_bytes 102426
get unassembled_bytes 103711
get unassembled_bytes 104751
get unassembled_bytes 106603
get unassembled_bytes 107358
get unassembled_bytes 104167
get unassembled_bytes 104946
get unassembled_bytes 105792
get unassembled_bytes 107024
get unassembled_bytes 108253
get unassembled_bytes 110281
get unassembled_bytes 112131
get unassembled_bytes 113832
get unassembled_bytes 115057
get unassembled_bytes 116813
get unassembled_bytes 118168
get unassembled_bytes 118578
get unassembled_bytes 119457
get unassembled_bytes 116040
get unassembled_bytes 116706
get unassembled_bytes 117177
get unassembled_bytes 118795
get unassembled_bytes 119210
get unassembled_bytes 100893
get unassembled_bytes 102268
get unassembled_bytes 102268
get unassembled_bytes 103125
get unassembled_bytes 79899
get unassembled_bytes 80644
capacity 262144
get unassembled_bytes 693
get unassembled_bytes 2168
get unassembled_bytes 2989
get unassembled_bytes 3005
get unassembled_bytes 3187
get unassembled_bytes 3653
get unassembled_bytes 5607
get unassembled_bytes 6748
get unassembled_bytes 8246
get unassembled_bytes 9197
get unassembled_bytes 10632
get unassembled_bytes 12048
get unassembled_bytes 12188
get unassembled_bytes 13129
get unassembled_bytes 14402
get unassembled_bytes 14675
get unassembled_bytes 15907
get unassembled_bytes 17651
get unassembled_bytes 18709
get unassembled_bytes 19095
get unassembled_bytes 20287
get unassembled_bytes 20531
get unassembled_bytes 21610
get unassembled_bytes 22818
get unassembled_bytes 22848
get unassembled_bytes 23056
get unassembled_bytes 24381
get unassembled_bytes 24980
get unassembled_bytes 26684
get unassembled_bytes 27684
get unassembled_bytes 29646
get unassembled_bytes 31206
get unassembled_bytes 32380
get unassembled_bytes 33972
get unassembled_bytes 34496
get unassembled_bytes 34593
get unassembled_bytes 35385
get unassembled_bytes 36767
get unassembled_bytes 38175
get unassembled_bytes 38801
get unassembled_bytes 39648
get unassembled_bytes 41623
get unassembled_bytes 42425
get unassembled_bytes 42955
get unassembled_bytes 43037
get unassembled_bytes 43976
get unassembled_bytes 44575
get unassembled_bytes 45161
get unassembled_bytes 46448
get unassembled_bytes 47449
get unassembled_bytes 47594
get unassembled_bytes 47903
get unassembled_bytes 49154
get unassembled_bytes 50415
get unassembled_bytes 51662
get unassembled_bytes 52687
get unassembled_bytes 54496
get unassembled_bytes 55280
get unassembled_bytes 56139
get unassembled_bytes 56646
get unassembled_bytes 56757
get unassembled_bytes 57126
get unassembled_bytes 58533
get unassembled_bytes 60125
get unassembled_bytes 61963
get unassembled_bytes 63403
get unassembled_bytes 65017
get unassembled_bytes 65433
get unassembled_bytes 67099
get unassembled_bytes 67360
get unassembled_bytes 67929
get unassembled_bytes 69505
get unassembled_bytes 69954
get unassembled_bytes 70714
get unassembled_bytes 71566
get unassembled_bytes 73393
get unassembled_bytes 74507
get unassembled_bytes 75367
get unassembled_bytes 76319
get unassembled_bytes 76966
get unassembled_bytes 78781
get unassembled_bytes 78878
get unassembled_bytes 78881
get unassembled_bytes 79115
get unassembled_bytes 79397
get unassembled_bytes 81441
get unassembled_bytes 81484
get unassembled_bytes 83034
get unassembled_bytes 84675
get unassembled_bytes 86440
get unassembled_bytes 86767
get unassembled_bytes 87499
get unassembled_bytes 89127
get unassembled_bytes 89290
get unassembled_bytes 90761
get unassembled_bytes 92738
get unassembled_bytes 92977
get unassembled_bytes 93576
get unassembled_bytes 95033
get unassembled_bytes 95475
get unassembled_bytes 97397
get unassembled_bytes 99001
get unassembled_bytes 99968
get unassembled_bytes 102002
get unassembled_bytes 103454
get unassembled_bytes 103619
get unassembled_bytes 104519
get unassembled_bytes 106215
get unassembled_bytes 106872
get unassembled_bytes 107890
get unassembled_bytes 109728
get unassembled_bytes 110322
get unassembled_bytes 112059
get unassembled_bytes 111001
get unassembled_bytes 112761
get unassembled_bytes 112950
get unassembled_bytes 114829
get unassembled_bytes 116051
get unassembled_bytes 117553
get unassembled_bytes 118161
get unassembled_bytes 119279
get unassembled_bytes 119632
get unassembled_bytes 119938
get unassembled_bytes 121156
get unassembled_bytes 121861
get unassembled_bytes 123455
get unassembled_bytes 123518
capacity 262144
get unassembled_bytes 94897
get unassembled_bytes 96721
get unassembled_bytes 97648
get unassembled_bytes 98971
get unassembled_bytes 100806
get unassembled_bytes 102034
get unassembled_bytes 103181
get unassembled_bytes 104266
get unassembled_bytes 104479
get unassembled_bytes 104479
get unassembled_bytes 104784
get unassembled_bytes 106307
get unassembled_bytes 106693
get unassembled_bytes 108146
get unassembled_bytes 110129
get unassembled_bytes 110169
get unassembled_bytes 111482
get unassembled_bytes 110525
get unassembled_bytes 112154
get unassembled_bytes 112587
get unassembled_bytes 108639
get unassembled_bytes 110537
get unassembled_bytes 111372
get unassembled_bytes 111884
get unassembled_bytes 69472
get unassembled_bytes 70103
get unassembled_bytes 26306
capacity 262144
get unassembled_bytes 24628
get unassembled_bytes 25140
get unassembled_bytes 25853
get unassembled_bytes 27271
get unassembled_bytes 28592
get unassembled_bytes 29778
get unassembled_bytes 31164
get unassembled_bytes 32115
get unassembled_bytes 32819
get unassembled_bytes 33614
get unassembled_bytes 34513
get unassembled_bytes 34888
get unassembled_bytes 35004
get unassembled_bytes 35496
get unassembled_bytes 36496
get unassembled_bytes 37904
get unassembled_bytes 38869
get unassembled_bytes 40195
get unassembled_bytes 41523
get unassembled_bytes 42098
get unassembled_bytes 44135
get unassembled_bytes 45178
get unassembled_bytes 45900
get unassembled_bytes 46750
get unassembled_bytes 47315
get unassembled_bytes 48973
get unassembled_bytes 50418
get unassembled_bytes 50658
get unassembled_bytes 50923
get unassembled_bytes 52916
get unassembled_bytes 53855
get unassembled_bytes 55042
get unassembled_bytes 57088
get unassembled_bytes 57871
get unassembled_bytes 57871
get unassembled_bytes 59710
get unassembled_bytes 60845
get unassembled_bytes 62532
get unassembled_bytes 64477
get unassembled_bytes 65631
get unassembled_bytes 65802
get unassembled_bytes 66686
get unassembled_bytes 68015
get unassembled_bytes 69421
get unassembled_bytes 69784
get unassembled_bytes 71226
get unassembled_bytes 72530
get unassembled_bytes 73654
get unassembled_bytes 73809
get unassembled_bytes 75221
get unassembled_bytes 75350
get unassembled_bytes 77334
get unassembled_bytes 78577
get unassembled_bytes 78764
get unassembled_bytes 79148
get unassembled_bytes 79626
get unassembled_bytes 80553
get unassembled_bytes 81354
get unassembled_bytes 81414
get unassembled_bytes 81745
get unassembled_bytes 82096
get unassembled_bytes 82380
get unassembled_bytes 82381
get unassembled_bytes 83402
get unassembled_bytes 84209
get unassembled_bytes 85311
get unassembled_bytes 86647
get unassembled_bytes 87582
get unassembled_bytes 88607
get unassembled_bytes 89427
get unassembled_bytes 90453
get unassembled_bytes 91158
get unassembled_bytes 91512
get unassembled_bytes 93353
get unassembled_bytes 94593
get unassembled_bytes 95073
get unassembled_bytes 95579
get unassembled_bytes 96020
get unassembled_bytes 97897
get unassembled_bytes 86985
get unassembled_bytes 88317
get unassembled_bytes 89606
get unassembled_bytes 89787
get unassembled_bytes 91065
get unassembled_bytes 91089
get unassembled_bytes 93103
get unassembled_bytes 94957
get unassembled_bytes 96187
get unassembled_bytes 96194
get unassembled_bytes 97602
get unassembled_bytes 99473
get unassembled_bytes 99654
get unassembled_bytes 100287
get unassembled_bytes 99009
get unassembled_bytes 91559
get unassembled_bytes 93226
get unassembled_bytes 93975
get unassembled_bytes 87863
get unassembled_bytes 89084
get unassembled_bytes 90558
get unassembled_bytes 53143
get unassembled_bytes 53748
capacity 262144
get unassembled_bytes 122207
get unassembled_bytes 116420
get unassembled_bytes 118236
get unassembled_bytes 116920
get unassembled_bytes 116989
get unassembled_bytes 78497
capacity 262144
get unassembled_bytes 17498
get unassembled_bytes 18299
get unassembled_bytes 19357
get unassembled_bytes 21340
get unassembled_bytes 22380
get unassembled_bytes 22820
get unassembled_bytes 24605
get unassembled_bytes 25731
get unassembled_bytes 27096
get unassembled_bytes 27106
get unassembled_bytes 27242
get unassembled_bytes 28762
get unassembled_bytes 29140
get unassembled_bytes 29633
get unassembled_bytes 31373
get unassembled_bytes 31936
get unassembled_bytes 33779
get unassembled_bytes 35093
get unassembled_bytes 36605
get unassembled_bytes 38375
get unassembled_bytes 38411
get unassembled_bytes 40284
get unassembled_bytes 40449
get unassembled_bytes 41182
get unassembled_bytes 42084
get unassembled_bytes 43407
get unassembled_bytes 44947
get unassembled_bytes 45356
get unassembled_bytes 45455
get unassembled_bytes 46183
get unassembled_bytes 46685
get unassembled_bytes 47354
get unassembled_bytes 49400
get unassembled_bytes 51062
get unassembled_bytes 51459
get unassembled_bytes 52695
get unassembled_bytes 53165
get unassembled_bytes 54397
get unassembled_bytes 55609
get unassembled_bytes 55646
get unassembled_bytes 56789
get unassembled_bytes 57732
get unassembled_bytes 58840
get unassembled_bytes 59878
get unassembled_bytes 60800
get unassembled_bytes 60848
get unassembled_bytes 62647
get unassembled_bytes 63652
get unassembled_bytes 65290
get unassembled_bytes 66774
get unassembled_bytes 68139
get unassembled_bytes 69342
get unassembled_bytes 70587
get unassembled_bytes 71875
get unassembled_bytes 73268
get unassembled_bytes 74729
get unassembled_bytes 75365
get unassembled_bytes 76212
get unassembled_bytes 76538
get unassembled_bytes 78405
get unassembled_bytes 79041
get unassembled_bytes 80533
get unassembled_bytes 81073
get unassembled_bytes 81553
get unassembled_bytes 81725
get unassembled_bytes 82082
get unassembled_bytes 82286
get unassembled_bytes 82444
get unassembled_bytes 82603
get unassembled_bytes 83373
get unassembled_bytes 85085
get unassembled_bytes 85249
get unassembled_bytes 87265
get unassembled_bytes 87872
get unassembled_bytes 88843
get unassembled_bytes 90507
get unassembled_bytes 90841
get unassembled_bytes 87216
get unassembled_bytes 88059
get unassembled_bytes 89919
get unassembled_bytes 91051
get unassembled_bytes 92257
get unassembled_bytes 92709
get unassembled_bytes 92795
get unassembled_bytes 94061
get unassembled_bytes 95360
get unassembled_bytes 96971
get unassembled_bytes 97498
get unassembled_bytes 98201
get unassembled_bytes 99745
get unassembled_bytes 99767
get unassembled_bytes 101005
get unassembled_bytes 101103
get unassembled_bytes 101910
get unassembled_bytes 103929
get unassembled_bytes 105021
get unassembled_bytes 106886
get unassembled_bytes 108514
get unassembled_bytes 109386
get unassembled_bytes 110591
get unassembled_bytes 111103
get unassembled_bytes 112932
get unassembled_bytes 113952
get unassembled_bytes 114373
get unassembled_bytes 98195
get unassembled_bytes 100175
get unassembled_bytes 101296
get unassembled_bytes 101836
get unassembled_bytes 102845
capacity 262144
get unassembled_bytes 7364
get unassembled_bytes 8678
get unassembled_bytes 9681
get unassembled_bytes 10890
get unassembled_bytes 12217
get unassembled_bytes 13244
get unassembled_bytes 14628
get unassembled_bytes 14685
get unassembled_bytes 16165
get unassembled_bytes 17368
get unassembled_bytes 17826
get unassembled_bytes 18441
get unassembled_bytes 19366
get unassembled_bytes 19679
get unassembled_bytes 21271
get unassembled_bytes 21837
get unassembled_bytes 22582
get unassembled_bytes 22675
get unassembled_bytes 24524
get unassembled_bytes 26468
get unassembled_bytes 28163
get unassembled_bytes 30187
get unassembled_bytes 31594
get unassembled_bytes 32031
get unassembled_bytes 33386
get unassembled_bytes 35422
get unassembled_bytes 35558
get unassembled_bytes 35817
get unassembled_bytes 36360
get unassembled_bytes 37207
get unassembled_bytes 38343
get unassembled_bytes 38654
get unassembled_bytes 39611
get unassembled_bytes 39656
get unassembled_bytes 41178
get unassembled_bytes 42211
get unassembled_bytes 43251
get unassembled_bytes 44176
get unassembled_bytes 44480
get unassembled_bytes 45279
get unassembled_bytes 46649
get unassembled_bytes 46840
get unassembled_bytes 46840
get unassembled_bytes 48478
get unassembled_bytes 49038
get unassembled_bytes 50611
get unassembled_bytes 51298
get unassembled_bytes 53267
get unassembled_bytes 54837
get unassembled_bytes 56277
get unassembled_bytes 57485
get unassembled_bytes 59425
get unassembled_bytes 61095
get unassembled_bytes 61520
get unassembled_bytes 62552
get unassembled_bytes 62628
get unassembled_bytes 64423
get unassembled_bytes 66127
get unassembled_bytes 67838
get unassembled_bytes 68498
get unassembled_bytes 70483
get unassembled_bytes 72172
get unassembled_bytes 72533
get unassembled_bytes 74562
get unassembled_bytes 75382
get unassembled_bytes 76874
get unassembled_bytes 78283
get unassembled_bytes 79965
get unassembled_bytes 81769
get unassembled_bytes 81824
get unassembled_bytes 82949
get unassembled_bytes 83051
get unassembled_bytes 83443
get unassembled_bytes 84835
get unassembled_bytes 85628
get unassembled_bytes 86852
get unassembled_bytes 88885
get unassembled_bytes 89647
get unassembled_bytes 90648
get unassembled_bytes 92071
get unassembled_bytes 92263
get unassembled_bytes 93633
get unassembled_bytes 95530
get unassembled_bytes 96464
get unassembled_bytes 98408
get unassembled_bytes 98899
get unassembled_bytes 99951
get unassembled_bytes 100670
get unassembled_bytes 101013
get unassembled_bytes 102902
get unassembled_bytes 104191
get unassembled_bytes 105979
get unassembled_bytes 106915
get unassembled_bytes 108912
get unassembled_bytes 110401
get unassembled_bytes 111564
get unassembled_bytes 113213
get unassembled_bytes 113659
get unassembled_bytes 114353
get unassembled_bytes 115950
get unassembled_bytes 116291
get unassembled_bytes 116544
get unassembled_bytes 118207
get unassembled_bytes 118931
get unassembled_bytes 119704
get unassembled_bytes 121464
get unassembled_bytes 122702
get unassembled_bytes 124300
get unassembled_bytes 125901
get unassembled_bytes 126597
get unassembled_bytes 127923
get unassembled_bytes 129664
get unassembled_bytes 130981
get unassembled_bytes 132029
get unassembled_bytes 133153
get unassembled_bytes 133769
get unassembled_bytes 135528
get unassembled_bytes 117479
get unassembled_bytes 99255
get unassembled_bytes 100393
get unassembled_bytes 101876
capacity 262144
get unassembled_bytes 1094
get unassembled_bytes 2905
get unassembled_bytes 4167
get unassembled_bytes 5471
get unassembled_bytes 7042
get unassembled_bytes 8074
get unassembled_bytes 9957
get unassembled_bytes 11266
get unassembled_bytes 12625
get unassembled_bytes 13115
get unassembled_bytes 15028
get unassembled_bytes 15444
get unassembled_bytes 15537
get unassembled_bytes 15636
get unassembled_bytes 16201
get unassembled_bytes 17432
get unassembled_bytes 18568
get unassembled_bytes 19991
get unassembled_bytes 20295
get unassembled_bytes 21392
get unassembled_bytes 23394
get unassembled_bytes 24936
get unassembled_bytes 26810
get unassembled_bytes 28782
get unassembled_bytes 29782
get unassembled_bytes 30541
get unassembled_bytes 30541
get unassembled_bytes 30941
get unassembled_bytes 32942
get unassembled_bytes 33591
get unassembled_bytes 35324
get unassembled_bytes 36932
get unassembled_bytes 37548
get unassembled_bytes 37964
get unassembled_bytes 38010
get unassembled_bytes 38927
get unassembled_bytes 38945
get unassembled_bytes 39618
get unassembled_bytes 40698
get unassembled_bytes 41249
get unassembled_bytes 41551
get unassembled_bytes 42941
get unassembled_bytes 44749
get unassembled_bytes 44889
get unassembled_bytes 46592
get unassembled_bytes 48377
get unassembled_bytes 49705
get unassembled_bytes 49958
get unassembled_bytes 50860
get unassembled_bytes 52698
get unassembled_bytes 52822
get unassembled_bytes 53369
get unassembled_bytes 54779
get unassembled_bytes 55217
get unassembled_bytes 55925
get unassembled_bytes 57427
get unassembled_bytes 57638
get unassembled_bytes 58790
get unassembled_bytes 60250
get unassembled_bytes 61349
get unassembled_bytes 63053
get unassembled_bytes 63138
get unassembled_bytes 64249
get unassembled_bytes 64956
get unassembled_bytes 66318
get unassembled_bytes 67426
get unassembled_bytes 69136
get unassembled_bytes 70472
get unassembled_bytes 70681
get unassembled_bytes 72429
get unassembled_bytes 73933
get unassembled_bytes 73957
get unassembled_bytes 75921
get unassembled_bytes 77016
get unassembled_bytes 77540
get unassembled_bytes 78216
get unassembled_bytes 79472
get unassembled_bytes 80865
get unassembled_bytes 82081
get unassembled_bytes 83346
get unassembled_bytes 84081
get unassembled_bytes 85361
get unassembled_bytes 87321
get unassembled_bytes 87614
get unassembled_bytes 87978
get unassembled_bytes 88382
get unassembled_bytes 88615
get unassembled_bytes 88689
get unassembled_bytes 90296
get unassembled_bytes 81909
get unassembled_bytes 83228
get unassembled_bytes 84210
get unassembled_bytes 85900
get unassembled_bytes 87196
get unassembled_bytes 88096
get unassembled_bytes 89079
get unassembled_bytes 89353
get unassembled_bytes 89524
get unassembled_bytes 89832
get unassembled_bytes 91771
get unassembled_bytes 93662
get unassembled_bytes 93769
get unassembled_bytes 94444
get unassembled_bytes 94555
get unassembled_bytes 95999
get unassembled_bytes 97936
get unassembled_bytes 99899
get unassembled_bytes 100921
get unassembled_bytes 102712
get unassembled_bytes 104286
get unassembled_bytes 104424
get unassembled_bytes 106461
get unassembled_bytes 107963
get unassembled_bytes 101551
get unassembled_bytes 93304
get unassembled_bytes 87685
get unassembled_bytes 87685
get unassembled_bytes 89629
get unassembled_bytes 90509
get unassembled_bytes 91656
get unassembled_bytes 91794
get unassembled_bytes 60250
get unassembled_bytes 60391
get unassembled_bytes 61386
get unassembled_bytes 62458
get unassembled_bytes 38088
get unassembled_bytes 4251
capacity 262144
get unassembled_bytes 99908
get unassembled_bytes 101704
get unassembled_bytes 102962
get unassembled_bytes 103804
get unassembled_bytes 104965
get unassembled_bytes 105786
get unassembled_bytes 106305
get unassembled_bytes 96359
get unassembled_bytes 96509
get unassembled_bytes 96930
get unassembled_bytes 97128
get unassembled_bytes 90370
get unassembled_bytes 91394
get unassembled_bytes 69566
get unassembled_bytes 71231
get unassembled_bytes 71284
get unassembled_bytes 69872
get unassembled_bytes 71771
get unassembled_bytes 72750
get unassembled_bytes 54949
get unassembled_bytes 4533
capacity 262144
get unassembled_bytes 67231
get unassembled_bytes 68893
get unassembled_bytes 69040
get unassembled_bytes 70855
get unassembled_bytes 72007
get unassembled_bytes 72461
get unassembled_bytes 73944
get unassembled_bytes 74873
get unassembled_bytes 74973
get unassembled_bytes 75384
get unassembled_bytes 76849
get unassembled_bytes 78136
get unassembled_bytes 78428
get unassembled_bytes 79719
get unassembled_bytes 80665
get unassembled_bytes 82199
get unassembled_bytes 82259
get unassembled_bytes 84145
get unassembled_bytes 84865
get unassembled_bytes 86871
get unassembled_bytes 88605
get unassembled_bytes 89689
get unassembled_bytes 90958
get unassembled_bytes 92988
get unassembled_bytes 94293
get unassembled_bytes 94658
get unassembled_bytes 94893
get unassembled_bytes 95951
get unassembled_bytes 97806
get unassembled_bytes 99738
get unassembled_bytes 100645
get unassembled_bytes 101629
get unassembled_bytes 102224
get unassembled_bytes 102258
get unassembled_bytes 102395
get unassembled_bytes 102937
get unassembled_bytes 104262
get unassembled_bytes 105119
get unassembled_bytes 105473
get unassembled_bytes 105672
get unassembled_bytes 106836
get unassembled_bytes 107306
get unassembled_bytes 109266
get unassembled_bytes 109423
get unassembled_bytes 109630
get unassembled_bytes 109634
get unassembled_bytes 110275
get unassembled_bytes 111910
get unassembled_bytes 113741
get unassembled_bytes 115208
get unassembled_bytes 116955
get unassembled_bytes 117789
get unassembled_bytes 118067
get unassembled_bytes 118361
get unassembled_bytes 119282
get unassembled_bytes 119681
get unassembled_bytes 120569
capacity 262144
get unassembled_bytes 100985
get unassembled_bytes 102511
get unassembled_bytes 103615
get unassembled_bytes 104897
get unassembled_bytes 106489
get unassembled_bytes 107247
get unassembled_bytes 109153
get unassembled_bytes 109217
get unassembled_bytes 110139
get unassembled_bytes 110871
get unassembled_bytes 111021
get unassembled_bytes 112654
get unassembled_bytes 97807
get unassembled_bytes 97911
get unassembled_bytes 99567
get unassembled_bytes 101160
get unassembled_bytes 101943
get unassembled_bytes 103116
get unassembled_bytes 86780
get unassembled_bytes 88411
get unassembled_bytes 68347
capacity 262144
get unassembled_bytes 10719
get unassembled_bytes 12087
get unassembled_bytes 13667
get unassembled_bytes 15679
get unassembled_bytes 16834
get unassembled_bytes 18727
get unassembled_bytes 20467
get unassembled_bytes 21660
get unassembled_bytes 23383
get unassembled_bytes 25164
get unassembled_bytes 25817
get unassembled_bytes 25863
get unassembled_bytes 27803
get unassembled_bytes 29833
get unassembled_bytes 31773
get unassembled_bytes 32592
get unassembled_bytes 34214
get unassembled_bytes 34851
get unassembled_bytes 35861
get unassembled_bytes 36107
get unassembled_bytes 37017
get unassembled_bytes 37232
get unassembled_bytes 37237
get unassembled_bytes 39095
get unassembled_bytes 41027
get unassembled_bytes 42255
get unassembled_bytes 42841
get unassembled_bytes 43757
get unassembled_bytes 44398
get unassembled_bytes 45585
get unassembled_bytes 46675
get unassembled_bytes 46887
get unassembled_bytes 48306
get unassembled_bytes 48339
get unassembled_bytes 48873
get unassembled_bytes 49099
get unassembled_bytes 49704
get unassembled_bytes 50647
get unassembled_bytes 50987
get unassembled_bytes 51686
get unassembled_bytes 52564
get unassembled_bytes 53693
get unassembled_bytes 55201
get unassembled_bytes 55564
get unassembled_bytes 56712
get unassembled_bytes 57242
get unassembled_bytes 57788
get unassembled_bytes 58765
get unassembled_bytes 60539
get unassembled_bytes 62304
get unassembled_bytes 64204
get unassembled_bytes 64526
get unassembled_bytes 65369
get unassembled_bytes 67274
get unassembled_bytes 68422
get unassembled_bytes 69388
get unassembled_bytes 70118
get unassembled_bytes 70480
get unassembled_bytes 70546
get unassembled_bytes 70795
get unassembled_bytes 72580
get unassembled_bytes 72949
get unassembled_bytes 73829
get unassembled_bytes 74994
get unassembled_bytes 75220
get unassembled_bytes 76086
get unassembled_bytes 76849
get unassembled_bytes 78291
get unassembled_bytes 80235
get unassembled_bytes 81365
get unassembled_bytes 82506
get unassembled_bytes 83843
get unassembled_bytes 84446
get unassembled_bytes 86025
get unassembled_bytes 86863
get unassembled_bytes 88758
get unassembled_bytes 90589
get unassembled_bytes 91647
get unassembled_bytes 92243
get unassembled_bytes 93860
get unassembled_bytes 95736
get unassembled_bytes 95999
get unassembled_bytes 96079
get unassembled_bytes 97900
get unassembled_bytes 98257
get unassembled_bytes 100138
get unassembled_bytes 100803
get unassembled_bytes 101096
get unassembled_bytes 102069
get unassembled_bytes 103017
get unassembled_bytes 104282
get unassembled_bytes 105041
get unassembled_bytes 105265
get unassembled_bytes 106190
get unassembled_bytes 106382
get unassembled_bytes 107993
get unassembled_bytes 108571
get unassembled_bytes 110235
get unassembled_bytes 110759
get unassembled_bytes 112207
get unassembled_bytes 112753
get unassembled_bytes 113060
get unassembled_bytes 113289
get unassembled_bytes 114493
get unassembled_bytes 115974
get unassembled_bytes 116644
get unassembled_bytes 118237
get unassembled_bytes 118637
get unassembled_bytes 119089
get unassembled_bytes 120956
get unassembled_bytes 121796
get unassembled_bytes 114716
get unassembled_bytes 116557
get unassembled_bytes 109939
get unassembled_bytes 110575
get unassembled_bytes 111976
get unassembled_bytes 113024
get unassembled_bytes 44579
capacity 262144
get unassembled_bytes 13524
get unassembled_bytes 15514
get unassembled_bytes 16247
get unassembled_bytes 17917
get unassembled_bytes 18073
get unassembled_bytes 19104
get unassembled_bytes 19186
get unassembled_bytes 21227
get unassembled_bytes 22279
get unassembled_bytes 23246
get unassembled_bytes 24423
get unassembled_bytes 24423
get unassembled_bytes 26408
get unassembled_bytes 27182
get unassembled_bytes 28236
get unassembled_bytes 29649
get unassembled_bytes 30560
get unassembled_bytes 30609
get unassembled_bytes 30627
get unassembled_bytes 31985
get unassembled_bytes 32465
get unassembled_bytes 33900
get unassembled_bytes 34864
get unassembled_bytes 36413
get unassembled_bytes 37058
get unassembled_bytes 38390
get unassembled_bytes 38519
get unassembled_bytes 39213
get unassembled_bytes 39608
get unassembled_bytes 40795
get unassembled_bytes 42319
get unassembled_bytes 43732
get unassembled_bytes 45481
get unassembled_bytes 46874
get unassembled_bytes 47751
get unassembled_bytes 47964
get unassembled_bytes 49822
get unassembled_bytes 51108
get unassembled_bytes 51334
get unassembled_bytes 52756
get unassembled_bytes 53442
get unassembled_bytes 55447
get unassembled_bytes 56911
get unassembled_bytes 57458
get unassembled_bytes 58577
get unassembled_bytes 59475
get unassembled_bytes 60549
get unassembled_bytes 62496
get unassembled_bytes 63602
get unassembled_bytes 65525
get unassembled_bytes 67208
get unassembled_bytes 69012
get unassembled_bytes 70693
get unassembled_bytes 71860
get unassembled_bytes 73866
get unassembled_bytes 74909
get unassembled_bytes 75391
get unassembled_bytes 76684
get unassembled_bytes 76755
get unassembled_bytes 78108
get unassembled_bytes 79061
get unassembled_bytes 79341
get unassembled_bytes 79493
get unassembled_bytes 81096
get unassembled_bytes 81775
get unassembled_bytes 83081
get unassembled_bytes 84211
get unassembled_bytes 85713
get unassembled_bytes 87216
get unassembled_bytes 87742
get unassembled_bytes 89583
get unassembled_bytes 90555
get unassembled_bytes 90857
get unassembled_bytes 92399
get unassembled_bytes 94208
get unassembled_bytes 94618
get unassembled_bytes 95458
get unassembled_bytes 96077
get unassembled_bytes 97655
get unassembled_bytes 99358
get unassembled_bytes 100881
get unassembled_bytes 101763
get unassembled_bytes 103720
get unassembled_bytes 105141
get unassembled_bytes 105958
get unassembled_bytes 107059
get unassembled_bytes 107179
get unassembled_bytes 108669
get unassembled_bytes 109907
get unassembled_bytes 110732
get unassembled_bytes 112307
get unassembled_bytes 112502
get unassembled_bytes 114320
get unassembled_bytes 114938
get unassembled_bytes 116178
get unassembled_bytes 117092
get unassembled_bytes 117219
get unassembled_bytes 119000
get unassembled_bytes 120530
get unassembled_bytes 121741
get unassembled_bytes 123594
get unassembled_bytes 124995
get unassembled_bytes 125294
get unassembled_bytes 127015
get unassembled_bytes 127399
get unassembled_bytes 128294
get unassembled_bytes 129660
get unassembled_bytes 130930
get unassembled_bytes 132542
capacity 262144
get unassembled_bytes 12997
get unassembled_bytes 13102
get unassembled_bytes 13613
get unassembled_bytes 14889
get unassembled_bytes 15335
get unassembled_bytes 16164
get unassembled_bytes 18138
get unassembled_bytes 19078
get unassembled_bytes 19253
get unassembled_bytes 20803
get unassembled_bytes 22161
get unassembled_bytes 22667
get unassembled_bytes 23344
get unassembled_bytes 25325
get unassembled_bytes 25604
get unassembled_bytes 26846
get unassembled_bytes 28535
get unassembled_bytes 29828
get unassembled_bytes 31591
get unassembled_bytes 32062
get unassembled_bytes 32496
get unassembled_bytes 34462
get unassembled_bytes 35037
get unassembled_bytes 36578
get unassembled_bytes 38093
get unassembled_bytes 38616
get unassembled_bytes 40304
get unassembled_bytes 40653
get unassembled_bytes 41532
get unassembled_bytes 42408
get unassembled_bytes 43278
get unassembled_bytes 44649
get unassembled_bytes 45413
get unassembled_bytes 46790
get unassembled_bytes 47361
get unassembled_bytes 49201
get unassembled_bytes 49633
get unassembled_bytes 51352
get unassembled_bytes 52923
get unassembled_bytes 53393
get unassembled_bytes 54567
get unassembled_bytes 55240
get unassembled_bytes 56696
get unassembled_bytes 57425
get unassembled_bytes 58290
get unassembled_bytes 59220
get unassembled_bytes 59417
get unassembled_bytes 60189
get unassembled_bytes 60803
get unassembled_bytes 62080
get unassembled_bytes 62913
get unassembled_bytes 64091
get unassembled_bytes 65885
get unassembled_bytes 67896
get unassembled_bytes 68611
get unassembled_bytes 70037
get unassembled_bytes 70314
get unassembled_bytes 71631
get unassembled_bytes 73619
get unassembled_bytes 73621
get unassembled_bytes 75211
get unassembled_bytes 75685
get unassembled_bytes 77337
get unassembled_bytes 78213
get unassembled_bytes 78388
get unassembled_bytes 78714
get unassembled_bytes 80373
get unassembled_bytes 80689
get unassembled_bytes 80946
get unassembled_bytes 82338
get unassembled_bytes 83458
get unassembled_bytes 85420
get unassembled_bytes 85530
get unassembled_bytes 85795
get unassembled_bytes 86980
get unassembled_bytes 87541
get unassembled_bytes 87733
get unassembled_bytes 87962
get unassembled_bytes 88646
get unassembled_bytes 90509
get unassembled_bytes 92420
get unassembled_bytes 93522
get unassembled_bytes 93949
get unassembled_bytes 93955
get unassembled_bytes 95356
get unassembled_bytes 97403
get unassembled_bytes 99048
get unassembled_bytes 99282
get unassembled_bytes 99637
get unassembled_bytes 101227
get unassembled_bytes 101254
get unassembled_bytes 103203
get unassembled_bytes 104195
get unassembled_bytes 104919
get unassembled_bytes 105676
get unassembled_bytes 106727
get unassembled_bytes 108324
get unassembled_bytes 109610
get unassembled_bytes 110464
get unassembled_bytes 111165
get unassembled_bytes 112848
get unassembled_bytes 114103
get unassembled_bytes 114662
get unassembled_bytes 115723
get unassembled_bytes 116832
get unassembled_bytes 118437
get unassembled_bytes 120269
get unassembled_bytes 122180
get unassembled_bytes 122185
get unassembled_bytes 122720
get unassembled_bytes 124522
get unassembled_bytes 125362
get unassembled_bytes 126840
get unassembled_bytes 126953
get unassembled_bytes 23746
get unassembled_bytes 25761
capacity 262144
get unassembled_bytes 115044
get unassembled_bytes 116998
get unassembled_bytes 118819
get unassembled_bytes 119153
get unassembled_bytes 119744
get unassembled_bytes 102309
get unassembled_bytes 86580
get unassembled_bytes 87034
get unassembled_bytes 87477
get unassembled_bytes 88993
capacity 262144
get unassembled_bytes 716
get unassembled_bytes 2258
get unassembled_bytes 2545
get unassembled_bytes 2909
get unassembled_bytes 4019
get unassembled_bytes 4400
get unassembled_bytes 4639
get unassembled_bytes 5092
get unassembled_bytes 6340
get unassembled_bytes 7834
get unassembled_bytes 8187
get unassembled_bytes 9321
get unassembled_bytes 10642
get unassembled_bytes 12463
get unassembled_bytes 12932
get unassembled_bytes 13025
get unassembled_bytes 14025
get unassembled_bytes 15620
get unassembled_bytes 16306
get unassembled_bytes 17179
get unassembled_bytes 19181
get unassembled_bytes 20391
get unassembled_bytes 21219
get unassembled_bytes 22537
get unassembled_bytes 23257
get unassembled_bytes 23614
get unassembled_bytes 25383
get unassembled_bytes 25901
get unassembled_bytes 26314
get unassembled_bytes 26632
get unassembled_bytes 27601
get unassembled_bytes 28268
get unassembled_bytes 29513
get unassembled_bytes 31011
get unassembled_bytes 31480
get unassembled_bytes 32708
get unassembled_bytes 33104
get unassembled_bytes 33598
get unassembled_bytes 34614
get unassembled_bytes 34639
get unassembled_bytes 35291
get unassembled_bytes 37027
get unassembled_bytes 38281
get unassembled_bytes 39741
get unassembled_bytes 40195
get unassembled_bytes 40506
get unassembled_bytes 41469
get unassembled_bytes 43120
get unassembled_bytes 43886
get unassembled_bytes 44030
get unassembled_bytes 45843
get unassembled_bytes 45920
get unassembled_bytes 46637
get unassembled_bytes 46748
get unassembled_bytes 48517
get unassembled_bytes 48655
get unassembled_bytes 50500
get unassembled_bytes 51075
get unassembled_bytes 51233
get unassembled_bytes 51508
get unassembled_bytes 51780
get unassembled_bytes 53165
get unassembled_bytes 54388
get unassembled_bytes 54798
get unassembled_bytes 55579
get unassembled_bytes 57316
get unassembled_bytes 59130
get unassembled_bytes 60710
get unassembled_bytes 62604
get unassembled_bytes 62604
get unassembled_bytes 63509
get unassembled_bytes 64484
get unassembled_bytes 65062
get unassembled_bytes 66094
get unassembled_bytes 66787
get unassembled_bytes 68367
get unassembled_bytes 69754
get unassembled_bytes 70721
get unassembled_bytes 72019
get unassembled_bytes 73860
get unassembled_bytes 75680
get unassembled_bytes 77309
get unassembled_bytes 78968
get unassembled_bytes 79473
get unassembled_bytes 80902
get unassembled_bytes 82096
get unassembled_bytes 83593
get unassembled_bytes 84840
get unassembled_bytes 86484
get unassembled_bytes 87631
get unassembled_bytes 89115
get unassembled_bytes 91153
get unassembled_bytes 91334
get unassembled_bytes 82375
get unassembled_bytes 82954
get unassembled_bytes 83879
get unassembled_bytes 84159
get unassembled_bytes 85763
get unassembled_bytes 87149
get unassembled_bytes 87372
get unassembled_bytes 88495
get unassembled_bytes 89286
get unassembled_bytes 89425
get unassembled_bytes 90217
get unassembled_bytes 90448
get unassembled_bytes 92424
get unassembled_bytes 93207
get unassembled_bytes 89892
get unassembled_bytes 91489
get unassembled_bytes 92828
get unassembled_bytes 93023
get unassembled_bytes 93720
get unassembled_bytes 94602
get unassembled_bytes 95809
get unassembled_bytes 96832
get unassembled_bytes 97890
get unassembled_bytes 99393
get unassembled_bytes 100261
get unassembled_bytes 100620
get unassembled_bytes 101353
get unassembled_bytes 102419
get unassembled_bytes 103377
get unassembled_bytes 95431
get unassembled_bytes 89608
get unassembled_bytes 91611
get unassembled_bytes 93033
get unassembled_bytes 94913
capacity 262144
get unassembled_bytes 13423
get unassembled_bytes 14284
get unassembled_bytes 15882
get unassembled_bytes 17334
get unassembled_bytes 18088
get unassembled_bytes 18745
get unassembled_bytes 20172
get unassembled_bytes 22053
get unassembled_bytes 22943
get unassembled_bytes 24276
get unassembled_bytes 24651
get unassembled_bytes 26280
get unassembled_bytes 27507
get unassembled_bytes 28470
get unassembled_bytes 30445
get unassembled_bytes 31482
get unassembled_bytes 33304
get unassembled_bytes 35292
get unassembled_bytes 36838
get unassembled_bytes 37906
get unassembled_bytes 38132
get unassembled_bytes 39828
get unassembled_bytes 41662
get unassembled_bytes 42049
get unassembled_bytes 43728
get unassembled_bytes 44626
get unassembled_bytes 44721
get unassembled_bytes 45366
get unassembled_bytes 47250
get unassembled_bytes 47861
get unassembled_bytes 48479
get unassembled_bytes 50274
get unassembled_bytes 51149
get unassembled_bytes 52557
get unassembled_bytes 53560
get unassembled_bytes 55038
get unassembled_bytes 56740
get unassembled_bytes 58648
get unassembled_bytes 59716
get unassembled_bytes 60884
get unassembled_bytes 62917
get unassembled_bytes 63534
get unassembled_bytes 63578
get unassembled_bytes 63954
get unassembled_bytes 65119
get unassembled_bytes 67028
get unassembled_bytes 67667
get unassembled_bytes 68131
get unassembled_bytes 66435
get unassembled_bytes 67006
get unassembled_bytes 68450
get unassembled_bytes 70039
get unassembled_bytes 71602
get unassembled_bytes 72851
get unassembled_bytes 74381
get unassembled_bytes 75664
get unassembled_bytes 77012
get unassembled_bytes 77044
get unassembled_bytes 77681
get unassembled_bytes 79622
get unassembled_bytes 80215
get unassembled_bytes 81803
get unassembled_bytes 82577
get unassembled_bytes 83691
get unassembled_bytes 84140
get unassembled_bytes 84687
get unassembled_bytes 85067
get unassembled_bytes 87110
get unassembled_bytes 87858
get unassembled_bytes 88206
get unassembled_bytes 90175
get unassembled_bytes 91294
get unassembled_bytes 91434
get unassembled_bytes 92744
get unassembled_bytes 94483
get unassembled_bytes 95090
get unassembled_bytes 96181
get unassembled_bytes 97653
get unassembled_bytes 99057
get unassembled_bytes 100815
get unassembled_bytes 102681
get unassembled_bytes 104189
get unassembled_bytes 104201
get unassembled_bytes 104578
get unassembled_bytes 104578
get unassembled_bytes 105855
get unassembled_bytes 106498
get unassembled_bytes 108214
get unassembled_bytes 108730
get unassembled_bytes 110660
get unassembled_bytes 111854
get unassembled_bytes 113687
get unassembled_bytes 115363
get unassembled_bytes 116760
get unassembled_bytes 118364
get unassembled_bytes 119689
get unassembled_bytes 120636
get unassembled_bytes 122566
get unassembled_bytes 122820
get unassembled_bytes 124330
get unassembled_bytes 125479
get unassembled_bytes 126448
get unassembled_bytes 128365
get unassembled_bytes 128635
get unassembled_bytes 129119
get unassembled_bytes 131059
get unassembled_bytes 131606
get unassembled_bytes 76709
get unassembled_bytes 77145
get unassembled_bytes 77970
get unassembled_bytes 79996
get unassembled_bytes 81142
get unassembled_bytes 70148
capacity 262144
get unassembled_bytes 76113
capacity 262144
get unassembled_bytes 82778
get unassembled_bytes 83212
get unassembled_bytes 83996
get unassembled_bytes 84082
get unassembled_bytes 84283
get unassembled_bytes 85538
get unassembled_bytes 86447
get unassembled_bytes 88130
get unassembled_bytes 89384
get unassembled_bytes 91010
get unassembled_bytes 92622
get unassembled_bytes 92698
get unassembled_bytes 94028
get unassembled_bytes 94028
get unassembled_bytes 94892
get unassembled_bytes 95814
get unassembled_bytes 95838
get unassembled_bytes 96523
get unassembled_bytes 98264
get unassembled_bytes 96204
get unassembled_bytes 98082
get unassembled_bytes 99778
get unassembled_bytes 101324
get unassembled_bytes 102461
get unassembled_bytes 103644
get unassembled_bytes 105015
get unassembled_bytes 105476
get unassembled_bytes 106963
get unassembled_bytes 106965
get unassembled_bytes 108777
get unassembled_bytes 109601
get unassembled_bytes 109947
get unassembled_bytes 109999
get unassembled_bytes 110321
get unassembled_bytes 111617
get unassembled_bytes 112365
get unassembled_bytes 113785
get unassembled_bytes 115787
get unassembled_bytes 116730
get unassembled_bytes 106258
get unassembled_bytes 106675
get unassembled_bytes 106761
get unassembled_bytes 107819
get unassembled_bytes 108266
get unassembled_bytes 110209
get unassembled_bytes 111054
get unassembled_bytes 103941
capacity 262144
get unassembled_bytes 9948
get unassembled_bytes 10630
get unassembled_bytes 12658
get unassembled_bytes 14245
get unassembled_bytes 15995
get unassembled_bytes 16748
get unassembled_bytes 18571
get unassembled_bytes 19453
get unassembled_bytes 20569
get unassembled_bytes 20677
get unassembled_bytes 22069
get unassembled_bytes 22593
get unassembled_bytes 23035
get unassembled_bytes 23732
get unassembled_bytes 25770
get unassembled_bytes 27143
get unassembled_bytes 28511
get unassembled_bytes 29589
get unassembled_bytes 29886
get unassembled_bytes 30690
get unassembled_bytes 30899
get unassembled_bytes 31756
get unassembled_bytes 33306
get unassembled_bytes 34500
get unassembled_bytes 34618
get unassembled_bytes 36222
get unassembled_bytes 36353
get unassembled_bytes 36999
get unassembled_bytes 38039
get unassembled_bytes 39305
get unassembled_bytes 39387
get unassembled_bytes 41256
get unassembled_bytes 41429
get unassembled_bytes 42586
get unassembled_bytes 43372
get unassembled_bytes 44021
get unassembled_bytes 44386
get unassembled_bytes 46205
get unassembled_bytes 47704
get unassembled_bytes 49098
get unassembled_bytes 49248
get unassembled_bytes 49264
get unassembled_bytes 49702
get unassembled_bytes 51036
get unassembled_bytes 52114
get unassembled_bytes 52517
get unassembled_bytes 53541
get unassembled_bytes 55525
get unassembled_bytes 56027
get unassembled_bytes 56868
get unassembled_bytes 56887
get unassembled_bytes 57915
get unassembled_bytes 59217
get unassembled_bytes 59712
get unassembled_bytes 59732
get unassembled_bytes 61102
get unassembled_bytes 62235
get unassembled_bytes 63941
get unassembled_bytes 64219
get unassembled_bytes 66010
get unassembled_bytes 67974
get unassembled_bytes 68874
get unassembled_bytes 70593
get unassembled_bytes 70768
get unassembled_bytes 71489
get unassembled_bytes 72267
get unassembled_bytes 72511
get unassembled_bytes 74094
get unassembled_bytes 75223
get unassembled_bytes 77170
get unassembled_bytes 77515
get unassembled_bytes 78164
get unassembled_bytes 79641
get unassembled_bytes 80113
get unassembled_bytes 81619
get unassembled_bytes 81619
get unassembled_bytes 83109
get unassembled_bytes 85091
get unassembled_bytes 86681
get unassembled_bytes 87305
get unassembled_bytes 88021
get unassembled_bytes 88331
get unassembled_bytes 88810
get unassembled_bytes 89896
get unassembled_bytes 90340
get unassembled_bytes 92302
get unassembled_bytes 94249
get unassembled_bytes 94936
get unassembled_bytes 95458
get unassembled_bytes 95672
get unassembled_bytes 96200
get unassembled_bytes 96392
get unassembled_bytes 97798
get unassembled_bytes 99434
get unassembled_bytes 99568
get unassembled_bytes 100614
get unassembled_bytes 102620
get unassembled_bytes 97507
get unassembled_bytes 98501
get unassembled_bytes 100180
get unassembled_bytes 100254
get unassembled_bytes 101435
get unassembled_bytes 101978
get unassembled_bytes 102756
get unassembled_bytes 103928
get unassembled_bytes 105773
get unassembled_bytes 107721
get unassembled_bytes 107867
get unassembled_bytes 109110
get unassembled_bytes 109200
get unassembled_bytes 110100
get unassembled_bytes 110263
get unassembled_bytes 110965
get unassembled_bytes 111311
get unassembled_bytes 111933
get unassembled_bytes 113794
get unassembled_bytes 7514
capacity 262144
get unassembled_bytes 35344
get unassembled_bytes 36291
get unassembled_bytes 36489
get unassembled_bytes 37743
get unassembled_bytes 38377
get unassembled_bytes 38928
get unassembled_bytes 39983
get unassembled_bytes 40779
get unassembled_bytes 41794
get unassembled_bytes 41810
get unassembled_bytes 43705
get unassembled_bytes 44365
get unassembled_bytes 44957
get unassembled_bytes 46415
get unassembled_bytes 46415
get unassembled_bytes 48026
get unassembled_bytes 49344
get unassembled_bytes 50090
get unassembled_bytes 51910
get unassembled_bytes 52967
get unassembled_bytes 53193
get unassembled_bytes 53422
get unassembled_bytes 53422
get unassembled_bytes 55059
get unassembled_bytes 55736
get unassembled_bytes 56329
get unassembled_bytes 58262
get unassembled_bytes 59224
get unassembled_bytes 59501
get unassembled_bytes 59870
get unassembled_bytes 60950
get unassembled_bytes 61828
get unassembled_bytes 63298
get unassembled_bytes 63346
get unassembled_bytes 64472
get unassembled_bytes 65304
get unassembled_bytes 66862
get unassembled_bytes 67354
get unassembled_bytes 68165
get unassembled_bytes 69192
get unassembled_bytes 69945
get unassembled_bytes 71370
get unassembled_bytes 72626
get unassembled_bytes 74096
get unassembled_bytes 74757
get unassembled_bytes 76701
get unassembled_bytes 76801
get unassembled_bytes 77892
get unassembled_bytes 78756
get unassembled_bytes 79572
get unassembled_bytes 81429
get unassembled_bytes 82709
get unassembled_bytes 83453
get unassembled_bytes 84635
get unassembled_bytes 85074
get unassembled_bytes 85723
get unassembled_bytes 85723
get unassembled_bytes 87207
get unassembled_bytes 88443
get unassembled_bytes 89768
get unassembled_bytes 90261
get unassembled_bytes 91804
get unassembled_bytes 91858
get unassembled_bytes 92928
get unassembled_bytes 94957
get unassembled_bytes 96583
get unassembled_bytes 98143
get unassembled_bytes 99582
get unassembled_bytes 100728
get unassembled_bytes 101765
get unassembled_bytes 103100
get unassembled_bytes 103931
get unassembled_bytes 105748
get unassembled_bytes 106010
get unassembled_bytes 106693
get unassembled_bytes 107442
get unassembled_bytes 107656
get unassembled_bytes 109327
get unassembled_bytes 110855
get unassembled_bytes 112426
get unassembled_bytes 113450
get unassembled_bytes 113941
get unassembled_bytes 114409
get unassembled_bytes 115605
get unassembled_bytes 115870
get unassembled_bytes 117327
get unassembled_bytes 117751
get unassembled_bytes 118492
get unassembled_bytes 119030
get unassembled_bytes 119516
get unassembled_bytes 68130
get unassembled_bytes 69002
capacity 262144
get unassembled_bytes 50613
get unassembled_bytes 52236
get unassembled_bytes 52934
get unassembled_bytes 53889
get unassembled_bytes 55748
get unassembled_bytes 56487
get unassembled_bytes 57347
get unassembled_bytes 59122
get unassembled_bytes 60608
get unassembled_bytes 61540
get unassembled_bytes 62582
get unassembled_bytes 62929
get unassembled_bytes 63033
get unassembled_bytes 63370
get unassembled_bytes 64647
get unassembled_bytes 65342
get unassembled_bytes 66272
get unassembled_bytes 66392
get unassembled_bytes 67755
get unassembled_bytes 68271
get unassembled_bytes 69014
get unassembled_bytes 70886
get unassembled_bytes 71692
get unassembled_bytes 73031
get unassembled_bytes 73119
get unassembled_bytes 74696
get unassembled_bytes 76561
get unassembled_bytes 77712
get unassembled_bytes 78636
get unassembled_bytes 79288
get unassembled_bytes 79946
get unassembled_bytes 80670
get unassembled_bytes 81016
get unassembled_bytes 82686
get unassembled_bytes 83123
get unassembled_bytes 83762
get unassembled_bytes 85320
get unassembled_bytes 86718
get unassembled_bytes 87067
get unassembled_bytes 87341
get unassembled_bytes 88504
get unassembled_bytes 89733
get unassembled_bytes 90724
get unassembled_bytes 92561
get unassembled_bytes 93552
get unassembled_bytes 94053
get unassembled_bytes 95969
get unassembled_bytes 97109
get unassembled_bytes 98917
get unassembled_bytes 100776
get unassembled_bytes 101134
get unassembled_bytes 102666
get unassembled_bytes 103391
get unassembled_bytes 104498
get unassembled_bytes 104817
get unassembled_bytes 105674
get unassembled_bytes 105871
get unassembled_bytes 106459
get unassembled_bytes 106639
get unassembled_bytes 108581
get unassembled_bytes 110459
get unassembled_bytes 110836
get unassembled_bytes 111537
get unassembled_bytes 111548
get unassembled_bytes 113314
get unassembled_bytes 114701
get unassembled_bytes 115772
get unassembled_bytes 117615
get unassembled_bytes 118423
get unassembled_bytes 120387
get unassembled_bytes 121126
get unassembled_bytes 122228
get unassembled_bytes 76770
get unassembled_bytes 47191
capacity 262144
get unassembled_bytes 85899
get unassembled_bytes 87370
get unassembled_bytes 89397
get unassembled_bytes 90545
get unassembled_bytes 92192
get unassembled_bytes 92866
get unassembled_bytes 93475
get unassembled_bytes 94845
get unassembled_bytes 95364
get unassembled_bytes 96133
get unassembled_bytes 96502
get unassembled_bytes 96538
get unassembled_bytes 96903
get unassembled_bytes 97438
get unassembled_bytes 98179
get unassembled_bytes 98413
get unassembled_bytes 99610
get unassembled_bytes 101535
get unassembled_bytes 101803
get unassembled_bytes 103136
get unassembled_bytes 103988
get unassembled_bytes 105764
get unassembled_bytes 107500
get unassembled_bytes 109334
get unassembled_bytes 109779
get unassembled_bytes 109831
get unassembled_bytes 110671
get unassembled_bytes 112341
get unassembled_bytes 113360
get unassembled_bytes 113652
get unassembled_bytes 115303
get unassembled_bytes 115759
get unassembled_bytes 116127
get unassembled_bytes 117984
get unassembled_bytes 119516
get unassembled_bytes 121106
get unassembled_bytes 122284
get unassembled_bytes 124181
get unassembled_bytes 125194
get unassembled_bytes 77632
capacity 262144
get unassembled_bytes 102993
get unassembled_bytes 104869
get unassembled_bytes 105761
get unassembled_bytes 107435
get unassembled_bytes 109431
get unassembled_bytes 110089
get unassembled_bytes 110177
get unassembled_bytes 110998
get unassembled_bytes 111907
get unassembled_bytes 113801
get unassembled_bytes 115548
get unassembled_bytes 117386
get unassembled_bytes 117512
get unassembled_bytes 119319
get unassembled_bytes 121166
get unassembled_bytes 122204
get unassembled_bytes 122956
get unassembled_bytes 122956
get unassembled_bytes 123144
get unassembled_bytes 125105
get unassembled_bytes 125203
get unassembled_bytes 126156
get unassembled_bytes 126228
capacity 262144
get unassembled_bytes 82387
get unassembled_bytes 83070
get unassembled_bytes 84865
get unassembled_bytes 86486
get unassembled_bytes 87162
get unassembled_bytes 76122
get unassembled_bytes 76853
get unassembled_bytes 77337
get unassembled_bytes 77655
get unassembled_bytes 78290
get unassembled_bytes 78672
get unassembled_bytes 79065
get unassembled_bytes 79065
get unassembled_bytes 79176
get unassembled_bytes 80083
get unassembled_bytes 80870
get unassembled_bytes 80924
get unassembled_bytes 78722
get unassembled_bytes 78722
get unassembled_bytes 79078
get unassembled_bytes 80116
get unassembled_bytes 80807
get unassembled_bytes 82027
get unassembled_bytes 82919
get unassembled_bytes 83185
get unassembled_bytes 83280
get unassembled_bytes 84278
get unassembled_bytes 84729
get unassembled_bytes 69770
get unassembled_bytes 67444
get unassembled_bytes 69319
get unassembled_bytes 70558
get unassembled_bytes 70867
get unassembled_bytes 71826
get unassembled_bytes 73321
get unassembled_bytes 74922
get unassembled_bytes 75959
get unassembled_bytes 76093
get unassembled_bytes 26620
capacity 262144
get unassembled_bytes 63625
get unassembled_bytes 65612
get unassembled_bytes 66464
get unassembled_bytes 66464
get unassembled_bytes 66601
get unassembled_bytes 67464
get unassembled_bytes 69405
get unassembled_bytes 71025
get unassembled_bytes 73056
get unassembled_bytes 73066
get unassembled_bytes 73274
get unassembled_bytes 74291
get unassembled_bytes 74900
get unassembled_bytes 75180
get unassembled_bytes 75562
get unassembled_bytes 77399
get unassembled_bytes 79292
get unassembled_bytes 79402
get unassembled_bytes 80132
get unassembled_bytes 81379
get unassembled_bytes 81827
get unassembled_bytes 82558
get unassembled_bytes 84197
get unassembled_bytes 86052
get unassembled_bytes 87270
get unassembled_bytes 87647
get unassembled_bytes 88480
get unassembled_bytes 88892
get unassembled_bytes 89399
get unassembled_bytes 90751
get unassembled_bytes 91909
get unassembled_bytes 91940
get unassembled_bytes 92914
get unassembled_bytes 93730
get unassembled_bytes 95762
get unassembled_bytes 96792
get unassembled_bytes 98051
get unassembled_bytes 99718
get unassembled_bytes 101452
get unassembled_bytes 103244
get unassembled_bytes 104043
get unassembled_bytes 105053
get unassembled_bytes 105827
get unassembled_bytes 106181
get unassembled_bytes 106343
get unassembled_bytes 106522
get unassembled_bytes 108206
get unassembled_bytes 110019
get unassembled_bytes 110542
get unassembled_bytes 111200
get unassembled_bytes 112242
get unassembled_bytes 114214
get unassembled_bytes 114214
get unassembled_bytes 116239
get unassembled_bytes 118281
get unassembled_bytes 119995
get unassembled_bytes 120758
get unassembled_bytes 122169
get unassembled_bytes 124033
get unassembled_bytes 125821
get unassembled_bytes 125985
get unassembled_bytes 73760
get unassembled_bytes 75403
capacity 262144
get unassembled_bytes 41139
get unassembled_bytes 41842
get unassembled_bytes 42306
get unassembled_bytes 42435
get unassembled_bytes 43217
get unassembled_bytes 44042
get unassembled_bytes 44661
get unassembled_bytes 44669
get unassembled_bytes 46419
get unassembled_bytes 47422
get unassembled_bytes 48543
get unassembled_bytes 50048
get unassembled_bytes 50607
get unassembled_bytes 50687
get unassembled_bytes 52174
get unassembled_bytes 52699
get unassembled_bytes 53662
get unassembled_bytes 54458
get unassembled_bytes 54969
get unassembled_bytes 56521
get unassembled_bytes 57556
get unassembled_bytes 57938
get unassembled_bytes 58810
get unassembled_bytes 60104
get unassembled_bytes 61854
get unassembled_bytes 63458
get unassembled_bytes 65015
get unassembled_bytes 65091
get unassembled_bytes 66023
get unassembled_bytes 66445
get unassembled_bytes 66996
get unassembled_bytes 68202
get unassembled_bytes 70127
get unassembled_bytes 70237
get unassembled_bytes 71159
get unassembled_bytes 72235
get unassembled_bytes 72368
get unassembled_bytes 73949
get unassembled_bytes 74365
get unassembled_bytes 75432
get unassembled_bytes 76043
get unassembled_bytes 76715
get unassembled_bytes 77249
get unassembled_bytes 79263
get unassembled_bytes 79382
get unassembled_bytes 80466
get unassembled_bytes 81493
get unassembled_bytes 81991
get unassembled_bytes 82166
get unassembled_bytes 84070
get unassembled_bytes 85491
get unassembled_bytes 85664
get unassembled_bytes 85664
get unassembled_bytes 85690
get unassembled_bytes 86802
get unassembled_bytes 87439
get unassembled_bytes 89230
get unassembled_bytes 89818
get unassembled_bytes 90575
get unassembled_bytes 92275
get unassembled_bytes 93909
get unassembled_bytes 94044
get unassembled_bytes 95544
get unassembled_bytes 95908
get unassembled_bytes 97181
get unassembled_bytes 97904
get unassembled_bytes 99148
get unassembled_bytes 99913
get unassembled_bytes 97883
get unassembled_bytes 98448
get unassembled_bytes 93727
get unassembled_bytes 94725
get unassembled_bytes 95006
get unassembled_bytes 95296
get unassembled_bytes 95322
get unassembled_bytes 95551
get unassembled_bytes 89325
get unassembled_bytes 90283
get unassembled_bytes 90924
get unassembled_bytes 91389
get unassembled_bytes 92890
get unassembled_bytes 94542
get unassembled_bytes 95715
get unassembled_bytes 77311
get unassembled_bytes 78389
get unassembled_bytes 79442
get unassembled_bytes 77425
get unassembled_bytes 77938
get unassembled_bytes 79537
get unassembled_bytes 74904
get unassembled_bytes 21856
capacity 65000
capacity 65000
capacity 65000
capacity 65000
capacity 65000
capacity 65000
capacity 65000
capacity 65000
capacity 65000
capacity 65000
capacity 65000
capacity 65000
capacity 65000
capacity 65000
capacity 65000
capacity 65000
capacity 65000
capacity 65000
capacity 65000
capacity 65000
capacity 65000
capacity 65000
capacity 65000
capacity 65000
capacity 65000
capacity 65000
capacity 65000
capacity 65000
capacity 65000
capacity 65000
capacity 65000
capacity 65000
capacity 65000
capacity 65000
capacity 65000
capacity 65000
capacity 65000
capacity 65000
capacity 65000
capacity 65000
capacity 65000
capacity 65000
capacity 65000
capacity 65000
capacity 65000
capacity 65000
capacity 65000
capacity 65000
capacity 65000
capacity 65000
capacity 65000
capacity 65000
capacity 65000
capacity 65000
capacity 65000
capacity 65000
capacity 65000
capacity 65000
capacity 65000
capacity 65000
capacity 65000
capacity 65000
capacity 65000
capacity 65000
<end of output>
Test time =   0.42 sec
----------------------------------------------------------
Test Passed.
"t_strm_reassem_many" end time: Jan 01 15:04 CST
"t_strm_reassem_many" time elapsed: 00:00:00
----------------------------------------------------------

23/169 Testing: t_strm_reassem_overlapping
23/169 Test: t_strm_reassem_overlapping
Command: "/home/shc/CS144/sponge/build/tests/fsm_stream_reassembler_overlapping"
Directory: /home/shc/CS144/sponge/build
"t_strm_reassem_overlapping" start time: Jan 01 15:04 CST
Output:
----------------------------------------------------------
capacity 1000
capacity 1000
capacity 1000
get unassembled_bytes 0
capacity 1000
get unassembled_bytes 2
capacity 1000
get unassembled_bytes 3
capacity 1000
get unassembled_bytes 4
capacity 1000
get unassembled_bytes 3
get unassembled_bytes 0
capacity 1000
get unassembled_bytes 3
get unassembled_bytes 0
<end of output>
Test time =   0.00 sec
----------------------------------------------------------
Test Passed.
"t_strm_reassem_overlapping" end time: Jan 01 15:04 CST
"t_strm_reassem_overlapping" time elapsed: 00:00:00
----------------------------------------------------------

24/169 Testing: t_strm_reassem_win
24/169 Test: t_strm_reassem_win
Command: "/home/shc/CS144/sponge/build/tests/fsm_stream_reassembler_win"
Directory: /home/shc/CS144/sponge/build
"t_strm_reassem_win" start time: Jan 01 15:04 CST
Output:
----------------------------------------------------------
capacity 262144
get unassembled_bytes 75920
get unassembled_bytes 75942
get unassembled_bytes 77358
get unassembled_bytes 79022
get unassembled_bytes 79472
get unassembled_bytes 80064
get unassembled_bytes 81065
get unassembled_bytes 82552
get unassembled_bytes 82642
get unassembled_bytes 83638
get unassembled_bytes 84792
get unassembled_bytes 86672
get unassembled_bytes 88300
get unassembled_bytes 88663
get unassembled_bytes 91135
get unassembled_bytes 91792
get unassembled_bytes 93317
get unassembled_bytes 93901
get unassembled_bytes 94327
get unassembled_bytes 95866
get unassembled_bytes 96733
get unassembled_bytes 96787
get unassembled_bytes 97195
get unassembled_bytes 97195
get unassembled_bytes 98739
get unassembled_bytes 99049
get unassembled_bytes 99410
get unassembled_bytes 100973
get unassembled_bytes 101586
get unassembled_bytes 101730
get unassembled_bytes 102742
get unassembled_bytes 102742
get unassembled_bytes 104765
get unassembled_bytes 105012
get unassembled_bytes 106715
get unassembled_bytes 106847
get unassembled_bytes 108470
get unassembled_bytes 108591
get unassembled_bytes 110124
get unassembled_bytes 110765
get unassembled_bytes 111692
get unassembled_bytes 112436
get unassembled_bytes 113003
get unassembled_bytes 113003
get unassembled_bytes 114410
get unassembled_bytes 115689
get unassembled_bytes 116420
get unassembled_bytes 116513
get unassembled_bytes 116923
get unassembled_bytes 117759
get unassembled_bytes 117759
get unassembled_bytes 118924
get unassembled_bytes 118924
get unassembled_bytes 119914
get unassembled_bytes 121164
get unassembled_bytes 121662
get unassembled_bytes 122118
get unassembled_bytes 124364
get unassembled_bytes 125178
get unassembled_bytes 125178
get unassembled_bytes 125926
get unassembled_bytes 127565
get unassembled_bytes 127900
get unassembled_bytes 128176
get unassembled_bytes 124405
get unassembled_bytes 125799
get unassembled_bytes 125799
get unassembled_bytes 127007
get unassembled_bytes 127007
get unassembled_bytes 127452
get unassembled_bytes 128281
capacity 262144
get unassembled_bytes 86562
get unassembled_bytes 88858
get unassembled_bytes 88858
get unassembled_bytes 89085
get unassembled_bytes 90678
get unassembled_bytes 91242
get unassembled_bytes 92979
get unassembled_bytes 94919
get unassembled_bytes 94919
get unassembled_bytes 95046
get unassembled_bytes 95235
get unassembled_bytes 96430
get unassembled_bytes 96430
get unassembled_bytes 97767
get unassembled_bytes 98698
get unassembled_bytes 99321
get unassembled_bytes 100349
get unassembled_bytes 101833
get unassembled_bytes 102364
get unassembled_bytes 103837
get unassembled_bytes 104532
get unassembled_bytes 105607
get unassembled_bytes 106862
get unassembled_bytes 108517
get unassembled_bytes 108517
get unassembled_bytes 109399
get unassembled_bytes 109422
get unassembled_bytes 109734
get unassembled_bytes 109734
get unassembled_bytes 110071
get unassembled_bytes 111299
get unassembled_bytes 111423
get unassembled_bytes 111423
get unassembled_bytes 111846
get unassembled_bytes 111846
get unassembled_bytes 112242
get unassembled_bytes 112831
get unassembled_bytes 113884
get unassembled_bytes 114456
get unassembled_bytes 114456
get unassembled_bytes 115950
get unassembled_bytes 117297
get unassembled_bytes 117297
get unassembled_bytes 117980
get unassembled_bytes 117980
get unassembled_bytes 117980
get unassembled_bytes 119845
get unassembled_bytes 119845
get unassembled_bytes 40241
get unassembled_bytes 41489
get unassembled_bytes 0
eof already!
ŞÜ™OÄën`Ü¹\t\ş¹c{µñJwÌÑçëá›jÃò/cXĞò“ˆŠ°Kº€HçPDÑ6ıÂ¼b…ew¹ğî…á+d)­­s{;öéİ¬«Ò­¢Ò×è
qÛé©¼$*æ`©$ºf"]tŞˆ¬‚­EA=‹‡ÏÅ­³6"R:n:¾l^Ó6Ô0quùŸ]_èâm¿²Q_¹B©
|xK!ákZÚ ¢2î·CŠÕô±ièX‹×æ’Tğ0]Ê¯V$s²QY8
Ã®âEK¼®xw£2¬ÎO—iã]Âv‡Ö*CÇ7Œ@b†hJô •«.Ì€›Dó˜½Ë÷W?1…K	C4ÕQl™-ëO0Œÿçú5R,fgÊ»/ó¡ƒüM‰BD²B	Cò¬C¼_½ÅH€	bQI¿Æ®ô·šóAÌX’¡ìÚ„{Yé¥éU[}ó¼êşœë¢ôÊí¥ÍŸ~%½~,Â~p›)nµFàÆ=Ñ°Â‰'³Ì‘Oª}^2‹«"Óñ'ø:Òïû5WİP®(ß'’6ñ›²OİR3³$~K€Ë¡fŸ¡‚ú¶Ğ3şóÒ{x›òÁ•«cI¹ÿ?¨Ch6™Uwój!4L†¿Ã(4¯,7åbN—òşèãÒ•œøŒÃ¥e¸İøìpıµÆwÇä9üM´Ğñ3Æ€ 	½ƒd~Éûx¿JÚVáô˜`Úg$š|Âõ~ÛFŠ}i¦<Xz9í.‡®%ñŒNœó»“Dr…îñw~Èğ–’ói‡`ñ¢IPd-ï:)GÆß
)Å,îæz½k¶Ş>?E
è6Îœü…TÀ·úÁş 0 0
657 0 0
0 81947 262144 0 0 125207
capacity 262144
get unassembled_bytes 14078
get unassembled_bytes 15264
get unassembled_bytes 16871
get unassembled_bytes 19539
get unassembled_bytes 19679
get unassembled_bytes 21795
get unassembled_bytes 23509
get unassembled_bytes 25763
get unassembled_bytes 26672
get unassembled_bytes 27712
get unassembled_bytes 29773
get unassembled_bytes 31804
get unassembled_bytes 33816
get unassembled_bytes 34128
get unassembled_bytes 34853
get unassembled_bytes 36416
get unassembled_bytes 38472
get unassembled_bytes 39748
get unassembled_bytes 41988
get unassembled_bytes 43133
get unassembled_bytes 44397
get unassembled_bytes 46057
get unassembled_bytes 48016
get unassembled_bytes 50361
get unassembled_bytes 51728
get unassembled_bytes 53058
get unassembled_bytes 54593
get unassembled_bytes 56858
get unassembled_bytes 56858
get unassembled_bytes 58121
get unassembled_bytes 59252
get unassembled_bytes 61185
get unassembled_bytes 62582
get unassembled_bytes 63282
get unassembled_bytes 63739
get unassembled_bytes 64855
get unassembled_bytes 67868
get unassembled_bytes 69820
get unassembled_bytes 70590
get unassembled_bytes 71273
get unassembled_bytes 72892
get unassembled_bytes 73117
get unassembled_bytes 73845
get unassembled_bytes 74998
get unassembled_bytes 77780
get unassembled_bytes 79425
get unassembled_bytes 80291
get unassembled_bytes 82914
get unassembled_bytes 83156
get unassembled_bytes 84594
get unassembled_bytes 86746
get unassembled_bytes 88506
get unassembled_bytes 88908
get unassembled_bytes 89858
get unassembled_bytes 89858
get unassembled_bytes 92279
get unassembled_bytes 92279
get unassembled_bytes 94272
get unassembled_bytes 94848
get unassembled_bytes 97549
get unassembled_bytes 99074
get unassembled_bytes 100015
get unassembled_bytes 101401
get unassembled_bytes 99168
get unassembled_bytes 99637
get unassembled_bytes 100580
get unassembled_bytes 101313
get unassembled_bytes 101955
get unassembled_bytes 103106
get unassembled_bytes 103106
get unassembled_bytes 103106
get unassembled_bytes 103875
get unassembled_bytes 105191
get unassembled_bytes 106604
get unassembled_bytes 107473
get unassembled_bytes 108405
get unassembled_bytes 108405
get unassembled_bytes 108950
get unassembled_bytes 111205
get unassembled_bytes 112572
get unassembled_bytes 114303
get unassembled_bytes 114303
get unassembled_bytes 114303
get unassembled_bytes 115021
get unassembled_bytes 116837
get unassembled_bytes 116837
get unassembled_bytes 116837
get unassembled_bytes 118254
get unassembled_bytes 119598
get unassembled_bytes 120400
get unassembled_bytes 120400
get unassembled_bytes 120400
get unassembled_bytes 121215
get unassembled_bytes 121731
get unassembled_bytes 121832
get unassembled_bytes 122938
get unassembled_bytes 123144
get unassembled_bytes 123585
get unassembled_bytes 123723
get unassembled_bytes 123723
get unassembled_bytes 124981
get unassembled_bytes 124981
get unassembled_bytes 125622
get unassembled_bytes 125996
get unassembled_bytes 126321
get unassembled_bytes 126460
get unassembled_bytes 127357
get unassembled_bytes 128661
get unassembled_bytes 128908
get unassembled_bytes 129774
get unassembled_bytes 129774
get unassembled_bytes 129774
get unassembled_bytes 130428
get unassembled_bytes 130428
get unassembled_bytes 115572
get unassembled_bytes 115914
get unassembled_bytes 113981
get unassembled_bytes 115839
get unassembled_bytes 116873
capacity 262144
get unassembled_bytes 67400
get unassembled_bytes 68222
get unassembled_bytes 70620
get unassembled_bytes 70740
get unassembled_bytes 70943
get unassembled_bytes 70991
get unassembled_bytes 71898
get unassembled_bytes 73116
get unassembled_bytes 73362
get unassembled_bytes 74289
get unassembled_bytes 75173
get unassembled_bytes 76666
get unassembled_bytes 76919
get unassembled_bytes 76919
get unassembled_bytes 77462
get unassembled_bytes 78724
get unassembled_bytes 78724
get unassembled_bytes 80548
get unassembled_bytes 82519
get unassembled_bytes 84260
get unassembled_bytes 84260
get unassembled_bytes 85534
get unassembled_bytes 87142
get unassembled_bytes 88468
get unassembled_bytes 89859
get unassembled_bytes 89859
get unassembled_bytes 90466
get unassembled_bytes 90545
get unassembled_bytes 90961
get unassembled_bytes 91641
get unassembled_bytes 93541
[...]
get unassembled_bytes 40627
get unassembled_bytes 41623
get unassembled_bytes 43355
get unassembled_bytes 44146
get unassembled_bytes 46236
get unassembled_bytes 48729
get unassembled_bytes 50093
get unassembled_bytes 51149
get unassembled_bytes 51283
get unassembled_bytes 53315
get unassembled_bytes 53488
get unassembled_bytes 54780
get unassembled_bytes 54780
get unassembled_bytes 56556
get unassembled_bytes 57656
get unassembled_bytes 58879
get unassembled_bytes 60131
get unassembled_bytes 60250
get unassembled_bytes 61910
get unassembled_bytes 64210
get unassembled_bytes 64641
get unassembled_bytes 65864
get unassembled_bytes 67330
get unassembled_bytes 68554
get unassembled_bytes 70121
get unassembled_bytes 70121
get unassembled_bytes 71122
get unassembled_bytes 72303
get unassembled_bytes 72939
get unassembled_bytes 73927
get unassembled_bytes 75033
get unassembled_bytes 75677
get unassembled_bytes 76334
get unassembled_bytes 77172
get unassembled_bytes 78223
get unassembled_bytes 79080
get unassembled_bytes 80593
get unassembled_bytes 82137
get unassembled_bytes 82726
get unassembled_bytes 84292
get unassembled_bytes 85711
get unassembled_bytes 86865
get unassembled_bytes 84238
get unassembled_bytes 85584
get unassembled_bytes 87180
get unassembled_bytes 87828
get unassembled_bytes 89359
get unassembled_bytes 90225
get unassembled_bytes 91749
get unassembled_bytes 92571
get unassembled_bytes 93328
get unassembled_bytes 93328
get unassembled_bytes 94415
get unassembled_bytes 94559
get unassembled_bytes 95467
get unassembled_bytes 97162
get unassembled_bytes 99240
get unassembled_bytes 101217
get unassembled_bytes 102968
get unassembled_bytes 103116
get unassembled_bytes 104986
get unassembled_bytes 105803
get unassembled_bytes 105884
get unassembled_bytes 105955
get unassembled_bytes 88901
get unassembled_bytes 89543
get unassembled_bytes 89543
get unassembled_bytes 89956
get unassembled_bytes 91064
get unassembled_bytes 92072
get unassembled_bytes 92310
get unassembled_bytes 94156
get unassembled_bytes 96144
get unassembled_bytes 98007
get unassembled_bytes 98847
get unassembled_bytes 99131
get unassembled_bytes 100658
get unassembled_bytes 101384
get unassembled_bytes 102277
get unassembled_bytes 102601
get unassembled_bytes 103094
get unassembled_bytes 103494
get unassembled_bytes 104419
get unassembled_bytes 104629
get unassembled_bytes 105660
get unassembled_bytes 105842
get unassembled_bytes 106528
get unassembled_bytes 107015
get unassembled_bytes 108008
get unassembled_bytes 108008
get unassembled_bytes 109153
get unassembled_bytes 109153
get unassembled_bytes 109153
get unassembled_bytes 110051
get unassembled_bytes 110223
capacity 262144
get unassembled_bytes 29056
get unassembled_bytes 30598
get unassembled_bytes 32035
get unassembled_bytes 33338
get unassembled_bytes 35191
get unassembled_bytes 37733
get unassembled_bytes 38606
get unassembled_bytes 39605
get unassembled_bytes 41685
get unassembled_bytes 41685
get unassembled_bytes 43745
get unassembled_bytes 44957
get unassembled_bytes 47072
get unassembled_bytes 49471
get unassembled_bytes 52005
get unassembled_bytes 53321
get unassembled_bytes 54933
get unassembled_bytes 55048
get unassembled_bytes 56216
get unassembled_bytes 56297
get unassembled_bytes 56297
get unassembled_bytes 57917
get unassembled_bytes 59361
get unassembled_bytes 61039
get unassembled_bytes 61852
get unassembled_bytes 63603
get unassembled_bytes 65574
get unassembled_bytes 68289
get unassembled_bytes 70752
get unassembled_bytes 72707
get unassembled_bytes 73231
get unassembled_bytes 73341
get unassembled_bytes 74869
get unassembled_bytes 75473
get unassembled_bytes 77122
get unassembled_bytes 77450
get unassembled_bytes 79374
get unassembled_bytes 80298
get unassembled_bytes 80399
get unassembled_bytes 80895
get unassembled_bytes 81898
get unassembled_bytes 82749
get unassembled_bytes 83099
get unassembled_bytes 85918
get unassembled_bytes 86771
get unassembled_bytes 88298
get unassembled_bytes 89390
get unassembled_bytes 89528
get unassembled_bytes 90935
get unassembled_bytes 92329
get unassembled_bytes 93005
get unassembled_bytes 93548
get unassembled_bytes 94337
get unassembled_bytes 95572
get unassembled_bytes 95959
get unassembled_bytes 96359
get unassembled_bytes 96609
get unassembled_bytes 97685
get unassembled_bytes 98709
get unassembled_bytes 100453
get unassembled_bytes 101696
get unassembled_bytes 101696
get unassembled_bytes 102938
get unassembled_bytes 105038
get unassembled_bytes 105719
get unassembled_bytes 106725
get unassembled_bytes 107602
get unassembled_bytes 108699
get unassembled_bytes 109278
get unassembled_bytes 110136
get unassembled_bytes 111787
get unassembled_bytes 113641
get unassembled_bytes 115532
get unassembled_bytes 115532
get unassembled_bytes 115712
get unassembled_bytes 116535
get unassembled_bytes 116693
get unassembled_bytes 117228
get unassembled_bytes 118061
get unassembled_bytes 120087
get unassembled_bytes 121365
get unassembled_bytes 121365
get unassembled_bytes 121846
get unassembled_bytes 122298
get unassembled_bytes 123716
get unassembled_bytes 125353
get unassembled_bytes 126892
get unassembled_bytes 126892
get unassembled_bytes 126892
get unassembled_bytes 128392
get unassembled_bytes 129551
get unassembled_bytes 130575
get unassembled_bytes 131019
get unassembled_bytes 129575
get unassembled_bytes 129616
get unassembled_bytes 130196
get unassembled_bytes 130196
get unassembled_bytes 131451
get unassembled_bytes 103473
get unassembled_bytes 104743
get unassembled_bytes 97239
get unassembled_bytes 97789
get unassembled_bytes 98983
get unassembled_bytes 99392
get unassembled_bytes 99886
get unassembled_bytes 25927
get unassembled_bytes 26925
get unassembled_bytes 26925
get unassembled_bytes 0
eof already!
¯.­ÅD#Vµßo*ˆğÓNÑƒÕLÜÖœatšV‰KÌ	<ĞÁ¼§ø}¼¹É Th~ÊŒarˆ›ëøb¾]N¿L“–¼f’áiõr1ÊñJÒ;HõO$€k‹
%u	IY§¤Ş%wÄj/eIOÌC×P)-‚ZüTèDö¤"€¨ØŠm_ûP÷Î{J2ÀmÁ«L*h
â¥–ç½æÔÈu( Ô¨È»ìûÄüc
q¸dnÚìÌöÄ›äCs¦í3¡ïÔ–THb¨àóN±¹nv«ih½òÙİLN÷¬8hr-ØFZ	wlxÒÜÌ6{5Ş( \¢
Û4øúr£LHŸ)ŞVGª0œÏâ­­Ğ&†Y¥ÌïàQÃ½Èñ
p%›S^Œ:”§2¦–.X¦›§“LlÒ> ğ
<ûëùßÃ\Xn¬äù@Fz¡ÎöÆÜBË>úšçKz_³^¶Y«Î\ñÁñr²`šLGõÈŸhë6(:E
…Œ³Ø‰Oº˜@Ÿ< 13655 0
403 13655 0
0 113796 262144 0 0 141010
capacity 262144
get unassembled_bytes 110861
get unassembled_bytes 111353
get unassembled_bytes 111353
get unassembled_bytes 106794
get unassembled_bytes 107843
get unassembled_bytes 107976
get unassembled_bytes 107976
get unassembled_bytes 108722
get unassembled_bytes 108722
get unassembled_bytes 108785
get unassembled_bytes 109215
get unassembled_bytes 109528
get unassembled_bytes 110281
get unassembled_bytes 110281
get unassembled_bytes 110281
get unassembled_bytes 84635
get unassembled_bytes 44216
capacity 262144
get unassembled_bytes 108167
get unassembled_bytes 109052
get unassembled_bytes 110771
get unassembled_bytes 112353
get unassembled_bytes 112663
get unassembled_bytes 112861
get unassembled_bytes 113469
get unassembled_bytes 114920
get unassembled_bytes 115565
get unassembled_bytes 116630
get unassembled_bytes 118428
get unassembled_bytes 118541
get unassembled_bytes 119555
get unassembled_bytes 121394
get unassembled_bytes 122185
get unassembled_bytes 123804
get unassembled_bytes 125727
get unassembled_bytes 125989
get unassembled_bytes 125989
get unassembled_bytes 127745
get unassembled_bytes 128366
get unassembled_bytes 128974
get unassembled_bytes 129620
get unassembled_bytes 124708
get unassembled_bytes 126271
get unassembled_bytes 126929
get unassembled_bytes 127599
get unassembled_bytes 128812
get unassembled_bytes 129634
get unassembled_bytes 130066
get unassembled_bytes 104521
get unassembled_bytes 105471
get unassembled_bytes 105471
get unassembled_bytes 106057
get unassembled_bytes 106505
get unassembled_bytes 107722
get unassembled_bytes 107866
get unassembled_bytes 107866
get unassembled_bytes 99181
capacity 262144
get unassembled_bytes 52391
get unassembled_bytes 53458
get unassembled_bytes 55512
get unassembled_bytes 57388
get unassembled_bytes 57388
get unassembled_bytes 58423
get unassembled_bytes 59638
get unassembled_bytes 56158
get unassembled_bytes 57389
get unassembled_bytes 57993
get unassembled_bytes 58553
get unassembled_bytes 59023
get unassembled_bytes 60326
get unassembled_bytes 60629
get unassembled_bytes 60991
get unassembled_bytes 61543
get unassembled_bytes 62856
get unassembled_bytes 64564
get unassembled_bytes 66256
get unassembled_bytes 67664
get unassembled_bytes 68968
get unassembled_bytes 69984
get unassembled_bytes 69984
get unassembled_bytes 70236
get unassembled_bytes 71441
get unassembled_bytes 72873
get unassembled_bytes 74016
get unassembled_bytes 75000
get unassembled_bytes 75898
get unassembled_bytes 71399
get unassembled_bytes 72626
get unassembled_bytes 74528
get unassembled_bytes 75676
get unassembled_bytes 75676
get unassembled_bytes 76281
get unassembled_bytes 77292
get unassembled_bytes 78007
get unassembled_bytes 79414
get unassembled_bytes 79770
get unassembled_bytes 80198
get unassembled_bytes 81016
get unassembled_bytes 81436
get unassembled_bytes 82375
get unassembled_bytes 84002
get unassembled_bytes 84002
get unassembled_bytes 84002
get unassembled_bytes 84537
get unassembled_bytes 84616
get unassembled_bytes 86421
get unassembled_bytes 88745
get unassembled_bytes 89021
get unassembled_bytes 91269
get unassembled_bytes 93147
get unassembled_bytes 93365
get unassembled_bytes 93867
get unassembled_bytes 93867
get unassembled_bytes 95259
get unassembled_bytes 95967
get unassembled_bytes 97696
get unassembled_bytes 99099
get unassembled_bytes 99099
get unassembled_bytes 99540
get unassembled_bytes 99540
get unassembled_bytes 100271
get unassembled_bytes 91394
get unassembled_bytes 91394
get unassembled_bytes 91829
get unassembled_bytes 92972
get unassembled_bytes 94044
get unassembled_bytes 95250
get unassembled_bytes 95250
get unassembled_bytes 96307
get unassembled_bytes 97838
get unassembled_bytes 99183
get unassembled_bytes 99183
get unassembled_bytes 94817
get unassembled_bytes 96070
get unassembled_bytes 96070
get unassembled_bytes 96070
get unassembled_bytes 96208
get unassembled_bytes 98069
get unassembled_bytes 98669
get unassembled_bytes 100042
get unassembled_bytes 100685
get unassembled_bytes 76322
get unassembled_bytes 54518
get unassembled_bytes 55763
capacity 262144
get unassembled_bytes 51979
get unassembled_bytes 52939
get unassembled_bytes 54856
get unassembled_bytes 55492
get unassembled_bytes 55856
get unassembled_bytes 57763
get unassembled_bytes 59749
get unassembled_bytes 60914
get unassembled_bytes 62554
get unassembled_bytes 65413
get unassembled_bytes 66255
get unassembled_bytes 66811
get unassembled_bytes 68254
get unassembled_bytes 70453
get unassembled_bytes 72286
get unassembled_bytes 73621
get unassembled_bytes 74877
get unassembled_bytes 75047
get unassembled_bytes 76813
get unassembled_bytes 77004
get unassembled_bytes 78986
get unassembled_bytes 80592
get unassembled_bytes 81798
get unassembled_bytes 83469
get unassembled_bytes 83469
get unassembled_bytes 84556
get unassembled_bytes 85935
get unassembled_bytes 85935
get unassembled_bytes 85935
get unassembled_bytes 85935
get unassembled_bytes 86233
get unassembled_bytes 86244
get unassembled_bytes 86949
get unassembled_bytes 82405
get unassembled_bytes 83459
get unassembled_bytes 84503
get unassembled_bytes 87495
get unassembled_bytes 87840
get unassembled_bytes 90209
get unassembled_bytes 91869
get unassembled_bytes 91869
get unassembled_bytes 93624
get unassembled_bytes 94628
get unassembled_bytes 95819
get unassembled_bytes 97142
get unassembled_bytes 98442
get unassembled_bytes 99289
get unassembled_bytes 100209
get unassembled_bytes 101567
get unassembled_bytes 101698
get unassembled_bytes 103515
get unassembled_bytes 105379
get unassembled_bytes 105866
get unassembled_bytes 106554
get unassembled_bytes 107849
get unassembled_bytes 108980
get unassembled_bytes 109487
get unassembled_bytes 109991
get unassembled_bytes 110760
get unassembled_bytes 112787
get unassembled_bytes 112787
get unassembled_bytes 114413
get unassembled_bytes 114481
get unassembled_bytes 115960
get unassembled_bytes 117515
get unassembled_bytes 111088
get unassembled_bytes 112226
get unassembled_bytes 114157
get unassembled_bytes 114295
get unassembled_bytes 115341
get unassembled_bytes 116212
get unassembled_bytes 117570
get unassembled_bytes 118032
get unassembled_bytes 118886
get unassembled_bytes 119313
get unassembled_bytes 119313
get unassembled_bytes 119313
get unassembled_bytes 120655
get unassembled_bytes 121568
get unassembled_bytes 122966
get unassembled_bytes 123175
get unassembled_bytes 123175
get unassembled_bytes 124179
get unassembled_bytes 124179
get unassembled_bytes 125860
get unassembled_bytes 126924
get unassembled_bytes 126924
get unassembled_bytes 128089
get unassembled_bytes 129111
get unassembled_bytes 130757
get unassembled_bytes 132360
get unassembled_bytes 133424
get unassembled_bytes 134100
get unassembled_bytes 134409
get unassembled_bytes 135361
get unassembled_bytes 0
eof already!
\Î¡o&o„£å'¿zëÄ
êòëÑo½p»dàÕÖ¹ğzŠ> çB!lnèô§¶3nÉæ#3Á“ô—Ü^'\I51åêgŞmy³hHå„¿hqÌÜs³k³>Û¨®°Ş	¬	ñ]qòIÏŞ¯qRœüyûà*™,Œ+`ŸL,J ¥u”™÷é V‹à†*,8œ¸â‹v–MÅu¡[)¶YæÕärf
­8ñ>“Q2K¹of[‚Ê|Q€øŸ{­i¼TA™V!Î¡Û!¢ÇjÅêÖÌ-ËZ†Yó‘\Íß‹ëA^ä”è]¹UÜ•TØ¹ú.öía—œŸÆ’ş+œï@y¢s§8<½	ÁÉd÷¦
"o¹l-J(â\XÁa˜ŠyñœĞtãË…ˆ×‡w§PG0Q±ÚûTñà\.´1x|¢èŒyÌlnÕŒ_™ñl®>>{Î¨Û¢ş v˜ıñ¬·ÑóyDh8ÚEÀt)Rr¢qÛã­ÕšÆwŞ™£`+†;/ÚìƒÔ·Î&6²U_ÁwKïùKztãk;Kß²„VÙŞ^Vı"ç‚nò½ÿvb¡¡oó–@¼+»©c/(ÙÍ;\ÉõÏÁê¾úxi[»5ˆv=ĞJ;`«nİÈÇÌPs'ıÙZ‚\^£Îª¥BÄQŠJ}‚qÂ°ıĞSbW‰Ó‚.’œèUå®•xŒ±@ö·'¼KZ§­&©ø"ÊqoÎ8[ü™ä–¡TÒ£åü4í)â”Ï
uAÖ«ÌVh;6­A9,¶9ç¼×Å#Ø´Xyë‹mğ¸Îk{äæ»ƒ*I Y2Lë—z9¹Ğ¦Ê:Ñ—ê
‰<ğ±Ÿ)Ş”H©şÓ€Ğel4Y‰CAï$ÅdŸà~¦mòj›j2ŠRQ¨t ³¬+Øò¸Ä’y	M9èäFg×!ğ(62J –KØ™ kÒpÎo“ŒsÏ>ş.Ğ{ÇÃ1bÏXÒ·0:V!™:yPR×`ã*y<`œ¼{ãº[!½W¦«0óœÆöø¤ó:}Là“˜Nê³.±:Rk"ç’Ñ«KºïZ“ìã’ÔåS…s
‚àÎ¶_ô°ÍÎó¤ƒ‡ßÚ0ı4ù|3ë…ó+óÀ=Sö´èdõOç³"ªfG”Ó]Öˆ˜€êôO{¬RÑC6“´<#$š¢i²¸µ¼~R›ì	›`	Ø‡Éÿ®ÈhSæ Š‰@¹nÚ'È]Ç<ûÖ¢ÿ¸NÄ}åGô½N°ëY#VY¬¢ü3è¿Kz¡j§—„£,R™iz\YB_BÖÀJ\G.\x´«j2šzAù)c¡û›‚A:C¾™[}â×ZÉÜÎĞT9ã}†«]¡<,k0ZøÑ·nÁ?!‘Vó¢Âï9qó§™køÆ[ĞÚ^şÂ{¢¸0©fŸ×Q±9*Úçm¼ÖFXÃí=ü¿rokûúä˜%ï¾‘qNùİ£úd²n-'ÛO0j¦x+âÃªSq5ÊÓÀöÎc=”‹Òô”ÛÔv>´9ÑñjStú‘2ÇB8#'<>×Si¡°Zå`’ìo)
WëŞ—[.„ïÒf)òˆşÔ·ÌO?_|hJ]ğ!×…+sV=æ±%Gjúm¤XT¸7™¥u:Í`Ùêå›|²Æ 102082 0
1298 102082 0
0 14489 262144 0 0 150927
<end of output>
Test time =   0.46 sec
----------------------------------------------------------
Test Passed.
"t_strm_reassem_win" end time: Jan 01 15:04 CST
"t_strm_reassem_win" time elapsed: 00:00:00
----------------------------------------------------------

25/169 Testing: t_strm_reassem_cap
25/169 Test: t_strm_reassem_cap
Command: "/home/shc/CS144/sponge/build/tests/fsm_stream_reassembler_cap"
Directory: /home/shc/CS144/sponge/build
"t_strm_reassem_cap" start time: Jan 01 15:04 CST
Output:
----------------------------------------------------------
capacity 2
capacity 2
capacity 2
capacity 1
capacity 8
get unassembled_bytes 3
capacity 3
<end of output>
Test time =   0.06 sec
----------------------------------------------------------
Test Passed.
"t_strm_reassem_cap" end time: Jan 01 15:04 CST
"t_strm_reassem_cap" time elapsed: 00:00:00
----------------------------------------------------------

26/169 Testing: t_byte_stream_construction
26/169 Test: t_byte_stream_construction
Command: "/home/shc/CS144/sponge/build/tests/byte_stream_construction"
Directory: /home/shc/CS144/sponge/build
"t_byte_stream_construction" start time: Jan 01 15:04 CST
Output:
----------------------------------------------------------
<end of output>
Test time =   0.00 sec
----------------------------------------------------------
Test Passed.
"t_byte_stream_construction" end time: Jan 01 15:04 CST
"t_byte_stream_construction" time elapsed: 00:00:00
----------------------------------------------------------

27/169 Testing: t_byte_stream_one_write
27/169 Test: t_byte_stream_one_write
Command: "/home/shc/CS144/sponge/build/tests/byte_stream_one_write"
Directory: /home/shc/CS144/sponge/build
"t_byte_stream_one_write" start time: Jan 01 15:04 CST
Output:
----------------------------------------------------------
=======================================================
=======================================================
<end of output>
Test time =   0.00 sec
----------------------------------------------------------
Test Passed.
"t_byte_stream_one_write" end time: Jan 01 15:04 CST
"t_byte_stream_one_write" time elapsed: 00:00:00
----------------------------------------------------------

28/169 Testing: t_byte_stream_two_writes
28/169 Test: t_byte_stream_two_writes
Command: "/home/shc/CS144/sponge/build/tests/byte_stream_two_writes"
Directory: /home/shc/CS144/sponge/build
"t_byte_stream_two_writes" start time: Jan 01 15:04 CST
Output:
----------------------------------------------------------
<end of output>
Test time =   0.00 sec
----------------------------------------------------------
Test Passed.
"t_byte_stream_two_writes" end time: Jan 01 15:04 CST
"t_byte_stream_two_writes" time elapsed: 00:00:00
----------------------------------------------------------

29/169 Testing: t_byte_stream_capacity
29/169 Test: t_byte_stream_capacity
Command: "/home/shc/CS144/sponge/build/tests/byte_stream_capacity"
Directory: /home/shc/CS144/sponge/build
"t_byte_stream_capacity" start time: Jan 01 15:04 CST
Output:
----------------------------------------------------------
<end of output>
Test time =   0.29 sec
----------------------------------------------------------
Test Passed.
"t_byte_stream_capacity" end time: Jan 01 15:04 CST
"t_byte_stream_capacity" time elapsed: 00:00:00
----------------------------------------------------------

30/169 Testing: t_byte_stream_many_writes
30/169 Test: t_byte_stream_many_writes
Command: "/home/shc/CS144/sponge/build/tests/byte_stream_many_writes"
Directory: /home/shc/CS144/sponge/build
"t_byte_stream_many_writes" start time: Jan 01 15:04 CST
Output:
----------------------------------------------------------
<end of output>
Test time =   0.00 sec
----------------------------------------------------------
Test Passed.
"t_byte_stream_many_writes" end time: Jan 01 15:04 CST
"t_byte_stream_many_writes" time elapsed: 00:00:00
----------------------------------------------------------

53/169 Testing: t_address_dt
53/169 Test: t_address_dt
Command: "/home/shc/CS144/sponge/build/doctests/address_dt"
Directory: /home/shc/CS144/sponge/build
"t_address_dt" start time: Jan 01 15:04 CST
Output:
----------------------------------------------------------
<end of output>
Test time =   0.07 sec
----------------------------------------------------------
Test Passed.
"t_address_dt" end time: Jan 01 15:04 CST
"t_address_dt" time elapsed: 00:00:00
----------------------------------------------------------

54/169 Testing: t_parser_dt
54/169 Test: t_parser_dt
Command: "/home/shc/CS144/sponge/build/doctests/parser_dt"
Directory: /home/shc/CS144/sponge/build
"t_parser_dt" start time: Jan 01 15:04 CST
Output:
----------------------------------------------------------
<end of output>
Test time =   0.00 sec
----------------------------------------------------------
Test Passed.
"t_parser_dt" end time: Jan 01 15:04 CST
"t_parser_dt" time elapsed: 00:00:00
----------------------------------------------------------

55/169 Testing: t_socket_dt
55/169 Test: t_socket_dt
Command: "/home/shc/CS144/sponge/build/doctests/socket_dt"
Directory: /home/shc/CS144/sponge/build
"t_socket_dt" start time: Jan 01 15:04 CST
Output:
----------------------------------------------------------
<end of output>
Test time =   0.00 sec
----------------------------------------------------------
Test Passed.
"t_socket_dt" end time: Jan 01 15:04 CST
"t_socket_dt" time elapsed: 00:00:00
----------------------------------------------------------

End testing: Jan 01 15:04 CST
